[    0.000000] Linux version 4.15.0-60-generic (buildd@lgw01-amd64-030) (gcc version 7.4.0 (Ubuntu 7.4.0-1ubuntu1~18.04.1)) #67-Ubuntu SMP Thu Aug 22 16:55:30 UTC 2019 (Ubuntu 4.15.0-60.67-generic 4.15.18)
[    0.000000] Command line: BOOT_IMAGE=/boot/vmlinuz-4.15.0-60-generic root=LABEL=cloudimg-rootfs ro console=tty1 console=ttyS0
[    0.000000] KERNEL supported cpus:
[    0.000000]   Intel GenuineIntel
[    0.000000]   AMD AuthenticAMD
[    0.000000]   Centaur CentaurHauls
[    0.000000] x86/fpu: Supporting XSAVE feature 0x001: 'x87 floating point registers'
[    0.000000] x86/fpu: Supporting XSAVE feature 0x002: 'SSE registers'
[    0.000000] x86/fpu: Supporting XSAVE feature 0x004: 'AVX registers'
[    0.000000] x86/fpu: xstate_offset[2]:  576, xstate_sizes[2]:  256
[    0.000000] x86/fpu: Enabled xstate features 0x7, context size is 832 bytes, using 'standard' format.
[    0.000000] e820: BIOS-provided physical RAM map:
[    0.000000] BIOS-e820: [mem 0x0000000000000000-0x000000000009fbff] usable
[    0.000000] BIOS-e820: [mem 0x000000000009fc00-0x000000000009ffff] reserved
[    0.000000] BIOS-e820: [mem 0x00000000000f0000-0x00000000000fffff] reserved
[    0.000000] BIOS-e820: [mem 0x0000000000100000-0x000000003ffeffff] usable
[    0.000000] BIOS-e820: [mem 0x000000003fff0000-0x000000003fffffff] ACPI data
[    0.000000] BIOS-e820: [mem 0x00000000fec00000-0x00000000fec00fff] reserved
[    0.000000] BIOS-e820: [mem 0x00000000fee00000-0x00000000fee00fff] reserved
[    0.000000] BIOS-e820: [mem 0x00000000fffc0000-0x00000000ffffffff] reserved
[    0.000000] NX (Execute Disable) protection: active
[    0.000000] SMBIOS 2.5 present.
[    0.000000] DMI: innotek GmbH VirtualBox/VirtualBox, BIOS VirtualBox 12/01/2006
[    0.000000] Hypervisor detected: KVM
[    0.000000] e820: last_pfn = 0x3fff0 max_arch_pfn = 0x400000000
[    0.000000] MTRR: Disabled
[    0.000000] x86/PAT: MTRRs disabled, skipping PAT initialization too.
[    0.000000] CPU MTRRs all blank - virtualized system.
[    0.000000] x86/PAT: Configuration [0-7]: WB  WT  UC- UC  WB  WT  UC- UC  
[    0.000000] found SMP MP-table at [mem 0x0009fff0-0x0009ffff]
[    0.000000] Scanning 1 areas for low memory corruption
[    0.000000] RAMDISK: [mem 0x35a8d000-0x36d3dfff]
[    0.000000] ACPI: Early table checksum verification disabled
[    0.000000] ACPI: RSDP 0x00000000000E0000 000024 (v02 VBOX  )
[    0.000000] ACPI: XSDT 0x000000003FFF0030 00003C (v01 VBOX   VBOXXSDT 00000001 ASL  00000061)
[    0.000000] ACPI: FACP 0x000000003FFF00F0 0000F4 (v04 VBOX   VBOXFACP 00000001 ASL  00000061)
[    0.000000] ACPI: DSDT 0x000000003FFF0470 0022EA (v02 VBOX   VBOXBIOS 00000002 INTL 20100528)
[    0.000000] ACPI: FACS 0x000000003FFF0200 000040
[    0.000000] ACPI: FACS 0x000000003FFF0200 000040
[    0.000000] ACPI: APIC 0x000000003FFF0240 00005C (v02 VBOX   VBOXAPIC 00000001 ASL  00000061)
[    0.000000] ACPI: SSDT 0x000000003FFF02A0 0001CC (v01 VBOX   VBOXCPUT 00000002 INTL 20100528)
[    0.000000] No NUMA configuration found
[    0.000000] Faking a node at [mem 0x0000000000000000-0x000000003ffeffff]
[    0.000000] NODE_DATA(0) allocated [mem 0x3ffc5000-0x3ffeffff]
[    0.000000] kvm-clock: cpu 0, msr 0:3ff44001, primary cpu clock
[    0.000000] kvm-clock: Using msrs 4b564d01 and 4b564d00
[    0.000000] kvm-clock: using sched offset of 3527082927 cycles
[    0.000000] clocksource: kvm-clock: mask: 0xffffffffffffffff max_cycles: 0x1cd42e4dffb, max_idle_ns: 881590591483 ns
[    0.000000] Zone ranges:
[    0.000000]   DMA      [mem 0x0000000000001000-0x0000000000ffffff]
[    0.000000]   DMA32    [mem 0x0000000001000000-0x000000003ffeffff]
[    0.000000]   Normal   empty
[    0.000000]   Device   empty
[    0.000000] Movable zone start for each node
[    0.000000] Early memory node ranges
[    0.000000]   node   0: [mem 0x0000000000001000-0x000000000009efff]
[    0.000000]   node   0: [mem 0x0000000000100000-0x000000003ffeffff]
[    0.000000] Reserved but unavailable: 98 pages
[    0.000000] Initmem setup node 0 [mem 0x0000000000001000-0x000000003ffeffff]
[    0.000000] ACPI: PM-Timer IO Port: 0x4008
[    0.000000] IOAPIC[0]: apic_id 2, version 32, address 0xfec00000, GSI 0-23
[    0.000000] ACPI: INT_SRC_OVR (bus 0 bus_irq 0 global_irq 2 dfl dfl)
[    0.000000] ACPI: INT_SRC_OVR (bus 0 bus_irq 9 global_irq 9 low level)
[    0.000000] Using ACPI (MADT) for SMP configuration information
[    0.000000] smpboot: Allowing 2 CPUs, 0 hotplug CPUs
[    0.000000] PM: Registered nosave memory: [mem 0x00000000-0x00000fff]
[    0.000000] PM: Registered nosave memory: [mem 0x0009f000-0x0009ffff]
[    0.000000] PM: Registered nosave memory: [mem 0x000a0000-0x000effff]
[    0.000000] PM: Registered nosave memory: [mem 0x000f0000-0x000fffff]
[    0.000000] e820: [mem 0x40000000-0xfebfffff] available for PCI devices
[    0.000000] Booting paravirtualized kernel on KVM
[    0.000000] clocksource: refined-jiffies: mask: 0xffffffff max_cycles: 0xffffffff, max_idle_ns: 7645519600211568 ns
[    0.000000] random: get_random_bytes called from start_kernel+0x99/0x4fd with crng_init=0
[    0.000000] setup_percpu: NR_CPUS:8192 nr_cpumask_bits:2 nr_cpu_ids:2 nr_node_ids:1
[    0.000000] percpu: Embedded 46 pages/cpu s151552 r8192 d28672 u1048576
[    0.000000] PV qspinlock hash table entries: 256 (order: 0, 4096 bytes)
[    0.000000] Built 1 zonelists, mobility grouping on.  Total pages: 257913
[    0.000000] Policy zone: DMA32
[    0.000000] Kernel command line: BOOT_IMAGE=/boot/vmlinuz-4.15.0-60-generic root=LABEL=cloudimg-rootfs ro console=tty1 console=ttyS0
[    0.000000] Memory: 983444K/1048120K available (12300K kernel code, 2481K rwdata, 4172K rodata, 2436K init, 2384K bss, 64676K reserved, 0K cma-reserved)
[    0.000000] SLUB: HWalign=64, Order=0-3, MinObjects=0, CPUs=2, Nodes=1
[    0.000000] Kernel/User page tables isolation: enabled
[    0.000000] ftrace: allocating 39306 entries in 154 pages
[    0.004000] Hierarchical RCU implementation.
[    0.004000] 	RCU restricting CPUs from NR_CPUS=8192 to nr_cpu_ids=2.
[    0.004000] 	Tasks RCU enabled.
[    0.004000] RCU: Adjusting geometry for rcu_fanout_leaf=16, nr_cpu_ids=2
[    0.004000] NR_IRQS: 524544, nr_irqs: 440, preallocated irqs: 16
[    0.004000] Console: colour VGA+ 80x25
[    0.004000] console [tty1] enabled
[    0.004000] console [ttyS0] enabled
[    0.004000] ACPI: Core revision 20170831
[    0.004000] ACPI: 2 ACPI AML tables successfully acquired and loaded
[    0.004000] APIC: Switch to symmetric I/O mode setup
[    0.004000] x2apic enabled
[    0.004000] Switched APIC routing to physical x2apic.
[    0.004000] ..TIMER: vector=0x30 apic1=0 pin1=2 apic2=-1 pin2=-1
[    0.004003] tsc: Detected 2208.000 MHz processor
[    0.004899] Calibrating delay loop (skipped) preset value.. 4416.00 BogoMIPS (lpj=8832000)
[    0.005517] pid_max: default: 32768 minimum: 301
[    0.008027] Security Framework initialized
[    0.009058] Yama: becoming mindful.
[    0.009760] AppArmor: AppArmor initialized
[    0.012035] Dentry cache hash table entries: 131072 (order: 8, 1048576 bytes)
[    0.013376] Inode-cache hash table entries: 65536 (order: 7, 524288 bytes)
[    0.014632] Mount-cache hash table entries: 2048 (order: 2, 16384 bytes)
[    0.016004] Mountpoint-cache hash table entries: 2048 (order: 2, 16384 bytes)
[    0.017499] Last level iTLB entries: 4KB 64, 2MB 8, 4MB 8
[    0.018798] Last level dTLB entries: 4KB 64, 2MB 0, 4MB 0, 1GB 4
[    0.020002] Spectre V1 : Mitigation: usercopy/swapgs barriers and __user pointer sanitization
[    0.021914] Spectre V2 : Mitigation: Full generic retpoline
[    0.022931] Spectre V2 : Spectre v2 / SpectreRSB mitigation: Filling RSB on context switch
[    0.024001] Speculative Store Bypass: Vulnerable
[    0.024896] MDS: Mitigation: Clear CPU buffers
[    0.026609] Freeing SMP alternatives memory: 36K
[    0.032000] smpboot: CPU0: Intel(R) Core(TM) i7-8750H CPU @ 2.20GHz (family: 0x6, model: 0x9e, stepping: 0xa)
[    0.032000] Performance Events: unsupported p6 CPU model 158 no PMU driver, software events only.
[    0.032035] Hierarchical SRCU implementation.
[    0.033568] NMI watchdog: Perf event create on CPU 0 failed with -2
[    0.036002] NMI watchdog: Perf NMI watchdog permanently disabled
[    0.037302] smp: Bringing up secondary CPUs ...
[    0.038399] x86: Booting SMP configuration:
[    0.039189] .... node  #0, CPUs:      #1
[    0.004000] kvm-clock: cpu 1, msr 0:3ff44041, secondary cpu clock
[    0.043703] smp: Brought up 1 node, 2 CPUs
[    0.044005] smpboot: Max logical packages: 1
[    0.044804] smpboot: Total of 2 processors activated (8832.00 BogoMIPS)
[    0.046330] devtmpfs: initialized
[    0.048041] x86/mm: Memory block size: 128MB
[    0.048945] evm: security.selinux
[    0.049586] evm: security.SMACK64
[    0.050221] evm: security.SMACK64EXEC
[    0.050912] evm: security.SMACK64TRANSMUTE
[    0.052002] evm: security.SMACK64MMAP
[    0.052697] evm: security.apparmor
[    0.053634] evm: security.ima
[    0.054321] evm: security.capability
[    0.055027] clocksource: jiffies: mask: 0xffffffff max_cycles: 0xffffffff, max_idle_ns: 7645041785100000 ns
[    0.056012] futex hash table entries: 512 (order: 3, 32768 bytes)
[    0.058738] pinctrl core: initialized pinctrl subsystem
[    0.060080] RTC time: 14:11:07, date: 09/17/19
[    0.061065] NET: Registered protocol family 16
[    0.062282] audit: initializing netlink subsys (disabled)
[    0.064032] audit: type=2000 audit(1568729472.367:1): state=initialized audit_enabled=0 res=1
[    0.065582] cpuidle: using governor ladder
[    0.065582] cpuidle: using governor menu
[    0.065636] ACPI: bus type PCI registered
[    0.068007] acpiphp: ACPI Hot Plug PCI Controller Driver version: 0.5
[    0.069440] PCI: Using configuration type 1 for base access
[    0.072745] HugeTLB registered 2.00 MiB page size, pre-allocated 0 pages
[    0.073359] ACPI: Added _OSI(Module Device)
[    0.076006] ACPI: Added _OSI(Processor Device)
[    0.077148] ACPI: Added _OSI(3.0 _SCP Extensions)
[    0.078212] ACPI: Added _OSI(Processor Aggregator Device)
[    0.080006] ACPI: Added _OSI(Linux-Dell-Video)
[    0.081090] ACPI: Added _OSI(Linux-Lenovo-NV-HDMI-Audio)
[    0.082077] ACPI: Added _OSI(Linux-HPI-Hybrid-Graphics)
[    0.083446] ACPI: Executed 1 blocks of module-level executable AML code
[    0.086503] ACPI: Interpreter enabled
[    0.088019] ACPI: (supports S0 S5)
[    0.088964] ACPI: Using IOAPIC for interrupt routing
[    0.090072] PCI: Using host bridge windows from ACPI; if necessary, use "pci=nocrs" and report a bug
[    0.092178] ACPI: Enabled 2 GPEs in block 00 to 07
[    0.098469] ACPI: PCI Root Bridge [PCI0] (domain 0000 [bus 00-ff])
[    0.099734] acpi PNP0A03:00: _OSC: OS supports [ASPM ClockPM Segments MSI]
[    0.100357] acpi PNP0A03:00: _OSC: not requesting OS control; OS requires [ExtendedConfig ASPM ClockPM MSI]
[    0.102258] acpi PNP0A03:00: fail to add MMCONFIG information, can't access extended PCI configuration space under this bridge.
[    0.104367] PCI host bridge to bus 0000:00
[    0.105142] pci_bus 0000:00: root bus resource [io  0x0000-0x0cf7 window]
[    0.106374] pci_bus 0000:00: root bus resource [io  0x0d00-0xffff window]
[    0.108003] pci_bus 0000:00: root bus resource [mem 0x000a0000-0x000bffff window]
[    0.109383] pci_bus 0000:00: root bus resource [mem 0x40000000-0xfdffffff window]
[    0.110814] pci_bus 0000:00: root bus resource [bus 00-ff]
[    0.114592] pci 0000:00:01.1: legacy IDE quirk: reg 0x10: [io  0x01f0-0x01f7]
[    0.116002] pci 0000:00:01.1: legacy IDE quirk: reg 0x14: [io  0x03f6]
[    0.117496] pci 0000:00:01.1: legacy IDE quirk: reg 0x18: [io  0x0170-0x0177]
[    0.120001] pci 0000:00:01.1: legacy IDE quirk: reg 0x1c: [io  0x0376]
[    0.133754] pci 0000:00:07.0: quirk: [io  0x4000-0x403f] claimed by PIIX4 ACPI
[    0.135635] pci 0000:00:07.0: quirk: [io  0x4100-0x410f] claimed by PIIX4 SMB
[    0.144759] ACPI: PCI Interrupt Link [LNKA] (IRQs 5 9 10 *11)
[    0.146785] ACPI: PCI Interrupt Link [LNKB] (IRQs 5 9 *10 11)
[    0.148115] ACPI: PCI Interrupt Link [LNKC] (IRQs 5 *9 10 11)
[    0.149281] ACPI: PCI Interrupt Link [LNKD] (IRQs 5 9 10 *11)
[    0.150643] SCSI subsystem initialized
[    0.151425] pci 0000:00:02.0: vgaarb: setting as boot VGA device
[    0.151425] pci 0000:00:02.0: vgaarb: VGA device added: decodes=io+mem,owns=io+mem,locks=none
[    0.152007] pci 0000:00:02.0: vgaarb: bridge control possible
[    0.156002] vgaarb: loaded
[    0.156559] ACPI: bus type USB registered
[    0.157328] usbcore: registered new interface driver usbfs
[    0.160007] usbcore: registered new interface driver hub
[    0.160995] usbcore: registered new device driver usb
[    0.161978] EDAC MC: Ver: 3.0.0
[    0.161978] PCI: Using ACPI for IRQ routing
[    0.164325] NetLabel: Initializing
[    0.165326] NetLabel:  domain hash size = 128
[    0.166145] NetLabel:  protocols = UNLABELED CIPSOv4 CALIPSO
[    0.167199] NetLabel:  unlabeled traffic allowed by default
[    0.168053] clocksource: Switched to clocksource kvm-clock
[    0.179653] VFS: Disk quotas dquot_6.6.0
[    0.180785] VFS: Dquot-cache hash table entries: 512 (order 0, 4096 bytes)
[    0.182521] AppArmor: AppArmor Filesystem Enabled
[    0.183899] pnp: PnP ACPI init
[    0.185834] pnp: PnP ACPI: found 3 devices
[    0.195406] clocksource: acpi_pm: mask: 0xffffff max_cycles: 0xffffff, max_idle_ns: 2085701024 ns
[    0.197526] NET: Registered protocol family 2
[    0.199929] TCP established hash table entries: 8192 (order: 4, 65536 bytes)
[    0.201696] TCP bind hash table entries: 8192 (order: 5, 131072 bytes)
[    0.202892] TCP: Hash tables configured (established 8192 bind 8192)
[    0.204177] UDP hash table entries: 512 (order: 2, 16384 bytes)
[    0.205276] UDP-Lite hash table entries: 512 (order: 2, 16384 bytes)
[    0.206574] NET: Registered protocol family 1
[    0.207398] pci 0000:00:00.0: Limiting direct PCI/PCI transfers
[    0.208532] pci 0000:00:01.0: Activating ISA DMA hang workarounds
[    0.209700] pci 0000:00:02.0: Video device with shadowed ROM at [mem 0x000c0000-0x000dffff]
[    0.211343] Unpacking initramfs...
[    0.435579] Freeing initrd memory: 19140K
[    0.436924] clocksource: tsc: mask: 0xffffffffffffffff max_cycles: 0x1fd3b81b95f, max_idle_ns: 440795257325 ns
[    0.439261] platform rtc_cmos: registered platform RTC device (no PNP device found)
[    0.440748] Scanning for low memory corruption every 60 seconds
[    0.442365] Initialise system trusted keyrings
[    0.443211] Key type blacklist registered
[    0.444097] workingset: timestamp_bits=36 max_order=18 bucket_order=0
[    0.446111] zbud: loaded
[    0.447147] squashfs: version 4.0 (2009/01/31) Phillip Lougher
[    0.449192] fuse init (API version 7.26)
[    0.451813] Key type asymmetric registered
[    0.452643] Asymmetric key parser 'x509' registered
[    0.453579] Block layer SCSI generic (bsg) driver version 0.4 loaded (major 246)
[    0.455006] io scheduler noop registered
[    0.455750] io scheduler deadline registered
[    0.456612] io scheduler cfq registered (default)
[    0.457940] ACPI: AC Adapter [AC] (off-line)
[    0.459160] input: Power Button as /devices/LNXSYSTM:00/LNXPWRBN:00/input/input0
[    0.460665] ACPI: Power Button [PWRF]
[    0.461432] input: Sleep Button as /devices/LNXSYSTM:00/LNXSLPBN:00/input/input1
[    0.462813] ACPI: Sleep Button [SLPF]
[    0.464744] ACPI: Battery Slot [BAT0] (battery present)
[    0.466180] Serial: 8250/16550 driver, 32 ports, IRQ sharing enabled
[    0.487913] 00:02: ttyS0 at I/O 0x3f8 (irq = 4, base_baud = 115200) is a 16550A
[    0.491842] Linux agpgart interface v0.103
[    0.494184] loop: module loaded
[    0.495261] scsi host0: ata_piix
[    0.496218] scsi host1: ata_piix
[    0.497003] ata1: PATA max UDMA/33 cmd 0x1f0 ctl 0x3f6 bmdma 0xd000 irq 14
[    0.498687] ata2: PATA max UDMA/33 cmd 0x170 ctl 0x376 bmdma 0xd008 irq 15
[    0.500569] libphy: Fixed MDIO Bus: probed
[    0.501342] tun: Universal TUN/TAP device driver, 1.6
[    0.502336] PPP generic driver version 2.4.2
[    0.503972] ehci_hcd: USB 2.0 'Enhanced' Host Controller (EHCI) Driver
[    0.505214] ehci-pci: EHCI PCI platform driver
[    0.506408] ehci-platform: EHCI generic platform driver
[    0.507389] ohci_hcd: USB 1.1 'Open' Host Controller (OHCI) Driver
[    0.508607] ohci-pci: OHCI PCI platform driver
[    0.509468] ohci-platform: OHCI generic platform driver
[    0.510443] uhci_hcd: USB Universal Host Controller Interface driver
[    0.511649] i8042: PNP: PS/2 Controller [PNP0303:PS2K,PNP0f03:PS2M] at 0x60,0x64 irq 1,12
[    0.514047] serio: i8042 KBD port at 0x60,0x64 irq 1
[    0.514994] serio: i8042 AUX port at 0x60,0x64 irq 12
[    0.516439] mousedev: PS/2 mouse device common for all mice
[    0.519125] rtc_cmos rtc_cmos: rtc core: registered rtc_cmos as rtc0
[    0.520991] rtc_cmos rtc_cmos: alarms up to one day, 114 bytes nvram
[    0.522715] i2c /dev entries driver
[    0.523516] input: AT Translated Set 2 keyboard as /devices/platform/i8042/serio0/input/input2
[    0.525438] device-mapper: uevent: version 1.0.3
[    0.526622] device-mapper: ioctl: 4.37.0-ioctl (2017-09-20) initialised: dm-devel@redhat.com
[    0.528741] ledtrig-cpu: registered to indicate activity on CPUs
[    0.530157] NET: Registered protocol family 10
[    0.533722] Segment Routing with IPv6
[    0.534439] NET: Registered protocol family 17
[    0.535332] Key type dns_resolver registered
[    0.536317] mce: Using 0 MCE banks
[    0.537249] RAS: Correctable Errors collector initialized.
[    0.538265] sched_clock: Marking stable (536298573, 0)->(786700494, -250401921)
[    0.540086] registered taskstats version 1
[    0.540881] Loading compiled-in X.509 certificates
[    0.543485] Loaded X.509 cert 'Build time autogenerated kernel key: 9d88e3c0462fa0d2df2917e8bbfdfdd1c55d8ddc'
[    0.545644] zswap: loaded using pool lzo/zbud
[    0.549406] Key type big_key registered
[    0.550306] Key type trusted registered
[    0.552415] Key type encrypted registered
[    0.553575] AppArmor: AppArmor sha1 policy hashing enabled
[    0.554578] ima: No TPM chip found, activating TPM-bypass! (rc=-19)
[    0.555718] ima: Allocated hash algorithm: sha1
[    0.556818] evm: HMAC attrs: 0x1
[    0.557728]   Magic number: 3:397:182
[    0.558489] rtc_cmos rtc_cmos: setting system clock to 2019-09-17 14:11:08 UTC (1568729468)
[    0.560130] BIOS EDD facility v0.16 2004-Jun-25, 0 devices found
[    0.561700] EDD information not available.
[    0.662150] Freeing unused kernel image memory: 2436K
[    0.682404] Write protecting the kernel read-only data: 20480k
[    0.684170] Freeing unused kernel image memory: 2008K
[    0.685515] Freeing unused kernel image memory: 1972K
[    0.691514] x86/mm: Checked W+X mappings: passed, no W+X pages found.
[    0.692970] x86/mm: Checking user space page tables
[    0.699190] x86/mm: Checked W+X mappings: passed, no W+X pages found.
Loading, please wait...
starting version 237
[    0.756046] e1000: Intel(R) PRO/1000 Network Driver - version 7.3.21-k8-NAPI
[    0.757993] e1000: Copyright (c) 1999-2006 Intel Corporation.
[    0.771700] Fusion MPT base driver 3.04.20
[    0.773055] Copyright (c) 1999-2008 LSI Corporation
[    0.789942] AVX2 version of gcm_enc/dec engaged.
[    0.791435] AES CTR mode by8 optimization enabled
[    0.793699] Fusion MPT SPI Host driver 3.04.20
[    0.998941] input: ImExPS/2 Generic Explorer Mouse as /devices/platform/i8042/serio1/input/input4
[    1.243653] e1000 0000:00:03.0 eth0: (PCI:33MHz:32-bit) 5c:a1:ab:1e:00:11
[    1.246468] e1000 0000:00:03.0 eth0: Intel(R) PRO/1000 Network Connection
[    1.249148] mptbase: ioc0: Initiating bringup
[    1.344522] ioc0: LSI53C1030 A0: Capabilities={Initiator}
[    1.588030] scsi host2: ioc0: LSI53C1030 A0, FwRev=00000000h, Ports=1, MaxQ=256, IRQ=20
[    1.757626] scsi 2:0:0:0: Direct-Access     VBOX     HARDDISK         1.0  PQ: 0 ANSI: 5
[    1.807782] scsi target2:0:0: Beginning Domain Validation
[    1.868436] scsi target2:0:0: Domain Validation skipping write tests
[    1.869901] scsi target2:0:0: Ending Domain Validation
[    1.871142] scsi target2:0:0: asynchronous
[    1.880503] scsi 2:0:1:0: Direct-Access     VBOX     HARDDISK         1.0  PQ: 0 ANSI: 5
[    2.132416] scsi target2:0:1: Beginning Domain Validation
[    2.136193] random: fast init done
[    2.137107] scsi target2:0:1: Domain Validation skipping write tests
[    2.138326] scsi target2:0:1: Ending Domain Validation
[    2.139378] scsi target2:0:1: asynchronous
[    2.143929] random: systemd-udevd: uninitialized urandom read (16 bytes read)
[    2.144006] sd 2:0:0:0: Attached scsi generic sg0 type 0
[    2.145510] random: systemd-udevd: uninitialized urandom read (16 bytes read)
[    2.146706] sd 2:0:1:0: Attached scsi generic sg1 type 0
[    2.147878] random: systemd-udevd: uninitialized urandom read (16 bytes read)
[    2.150343] sd 2:0:0:0: [sda] 20971520 512-byte logical blocks: (10.7 GB/10.0 GiB)
[    2.152489] sd 2:0:1:0: [sdb] 20480 512-byte logical blocks: (10.5 MB/10.0 MiB)
[    2.153954] sd 2:0:1:0: [sdb] Write Protect is off
[    2.154882] sd 2:0:0:0: [sda] Write Protect is off
[    2.155892] sd 2:0:1:0: [sdb] Incomplete mode parameter data
[    2.157077] sd 2:0:1:0: [sdb] Assuming drive cache: write through
[    2.158287] sd 2:0:0:0: [sda] Incomplete mode parameter data
[    2.159797] sd 2:0:0:0: [sda] Assuming drive cache: write through
[    2.162793]  sda: sda1
[    2.164295] sd 2:0:0:0: [sda] Attached SCSI disk
[    2.165830] sd 2:0:1:0: [sdb] Attached SCSI disk
[    2.180931] e1000 0000:00:08.0 eth1: (PCI:33MHz:32-bit) 08:00:27:f0:12:5c
[    2.182528] e1000 0000:00:08.0 eth1: Intel(R) PRO/1000 Network Connection
[    2.185495] e1000 0000:00:08.0 enp0s8: renamed from eth1
[    2.197850] e1000 0000:00:03.0 enp0s3: renamed from eth0
Begin: Loading essential drivers ... [    3.592557] raid6: sse2x1   gen() 14030 MB/s
[    3.642275] raid6: sse2x1   xor() 10322 MB/s
[    3.689187] raid6: sse2x2   gen() 15669 MB/s
[    3.736127] raid6: sse2x2   xor() 11053 MB/s
[    3.784516] raid6: sse2x4   gen() 17377 MB/s
[    3.836213] raid6: sse2x4   xor() 11656 MB/s
[    3.884273] raid6: avx2x1   gen() 24186 MB/s
[    3.932124] raid6: avx2x1   xor() 18152 MB/s
[    3.984288] raid6: avx2x2   gen() 27417 MB/s
[    4.032216] raid6: avx2x2   xor() 20499 MB/s
[    4.082546] raid6: avx2x4   gen() 36011 MB/s
[    4.128345] raid6: avx2x4   xor() 22029 MB/s
[    4.129701] raid6: using algorithm avx2x4 gen() 36011 MB/s
[    4.130749] raid6: .... xor() 22029 MB/s, rmw enabled
[    4.131728] raid6: using avx2x2 recovery algorithm
[    4.134220] xor: automatically using best checksumming function   avx       
[    4.137188] async_tx: api initialized (async)
done.
Begin: Running /scripts/init-premount ... done.
Begin: Mounting root file system ... Begin: Running /scripts/local-top ... done.
Begin: Running /scripts/local-premount ... [    4.173222] Btrfs loaded, crc32c=crc32c-intel
Scanning for Btrfs filesystems
done.
Warning: fsck not present, so skipping root file system
[    4.195408] EXT4-fs (sda1): mounted filesystem with ordered data mode. Opts: (null)
done.
Begin: Running /scripts/local-bottom ... done.
Begin: Running /scripts/init-bottom ... done.
[    4.303215] ip_tables: (C) 2000-2006 Netfilter Core Team
[    4.310148] systemd[1]: systemd 237 running in system mode. (+PAM +AUDIT +SELINUX +IMA +APPARMOR +SMACK +SYSVINIT +UTMP +LIBCRYPTSETUP +GCRYPT +GNUTLS +ACL +XZ +LZ4 +SECCOMP +BLKID +ELFUTILS +KMOD -IDN2 +IDN -PCRE2 default-hierarchy=hybrid)
[    4.314939] systemd[1]: Detected virtualization oracle.
[    4.316007] systemd[1]: Detected architecture x86-64.

Welcome to [1mUbuntu 18.04.3 LTS[0m!

[    4.332566] systemd[1]: Set hostname to <ubuntu>.
[    4.335709] systemd[1]: Initializing machine ID from random generator.
[    4.337258] systemd[1]: Installed transient /etc/machine-id file.
[    4.511353] systemd[1]: Set up automount Arbitrary Executable File Formats File System Automount Point.
[[0;32m  OK  [0m] Set up automount Arbitrary Executab…rmats File System Automount Point.
[    4.514848] systemd[1]: Reached target System Time Synchronized.
[[0;32m  OK  [0m] Reached target System Time Synchronized.
[    4.516906] systemd[1]: Reached target Swap.
[[0;32m  OK  [0m] Reached target Swap.
[    4.521713] systemd[1]: Created slice User and Session Slice.
[[0;32m  OK  [0m] Created slice User and Session Slice.
[[0;32m  OK  [0m] Started Forward Password Requests to Wall Directory Watch.
[[0;32m  OK  [0m] Created slice System Slice.
[[0;32m  OK  [0m] Listening on Device-mapper event daemon FIFOs.
[[0;32m  OK  [0m] Created slice system-serial\x2dgetty.slice.
[[0;32m  OK  [0m] Listening on Network Service Netlink Socket.
[[0;32m  OK  [0m] Listening on LVM2 poll daemon socket.
[[0;32m  OK  [0m] Listening on Journal Socket.
         Starting Load Kernel Modules...
         Starting Create list of required st…ce nodes for the current kernel...
[    4.588744] Loading iSCSI transport class v2.0-870.
         Starting Set the console keyboard layout...
         Mounting POSIX Message Queue File System...
[    4.594878] iscsi: registered transport (tcp)
         Starting Uncomplicated firewall...
[    4.606562] iscsi: registered transport (iser)
[[0;32m  OK  [0m] Listening on Journal Socket (/dev/log).
[[0;32m  OK  [0m] Reached target Slices.
[[0;32m  OK  [0m] Listening on udev Kernel Socket.
[[0;32m  OK  [0m] Listening on LVM2 metadata daemon socket.
         Starting Monitoring of LVM2 mirrors…ng dmeventd or progress polling...
[[0;32m  OK  [0m] Listening on Syslog Socket.
         Mounting Kernel Debug File System...
[[0;32m  OK  [0m] Listening on Journal Audit Socket.
         Starting Journal Service...
         Starting Remount Root and Kernel File Systems...
[[0;32m  OK  [0m] Listening on /dev/initctl Compatibility Named Pipe.
[[0;32m  OK  [0m] Listening on udev Control Socket.
         Starting udev Coldplug all Devices...
[[0;32m  OK  [0m] Reached target User and Group Name Lookups.
         Mounting Huge Pages File System...
[[0;32m  OK  [0m] Started Load Kernel Modules.
[[0;32m  OK  [0m] Started Create list of required sta…vice nodes for the current kernel.
[[0;32m  OK  [0m] Mounted POSIX Message Queue File System.
[[0;32m  OK  [0m] Started Uncomplicated firewall.
[[0;32m  OK  [0m] Mounted Kernel Debug File System.
[[0;32m  OK  [0m] Mounted Huge Pages File System.
[[0;32m  OK  [0m] Started LVM2 metadata daemon.
         Starting Create Static Device Nodes in /dev...
         Mounting FUSE Control File System...
[    4.783940] EXT4-fs (sda1): re-mounted. Opts: (null)
         Starting Apply Kernel Variables...
         Mounting Kernel Configuration File System...
[[0;32m  OK  [0m] Started Journal Service.
[[0;32m  OK  [0m] Started Remount Root and Kernel File Systems.
[[0;32m  OK  [0m] Mounted FUSE Control File System.
[[0;32m  OK  [0m] Started Create Static Device Nodes in /dev.
[[0;32m  OK  [0m] Started Monitoring of LVM2 mirrors,…sing dmeventd or progress polling.
[[0;32m  OK  [0m] Started Apply Kernel Variables.
[[0;32m  OK  [0m] Mounted Kernel Configuration File System.
[[0;32m  OK  [0m] Started udev Coldplug all Devices.
         Starting Load/Save Random Seed...
         Starting udev Kernel Device Manager...
         Starting Flush Journal to Persistent Storage...
[[0;32m  OK  [0m] Started Load/Save Random Seed.
[[0;32m  OK  [0m] Started udev Kernel Device Manager.
[[0;32m  OK  [0m] Started Flush Journal to Persistent Storage.
[[0;32m  OK  [0m] Found device /dev/ttyS0.
[[0;32m  OK  [0m] Listening on Load/Save RF Kill Switch Status /dev/rfkill Watch.
[[0;32m  OK  [0m] Started Set the console keyboard layout.
[[0;32m  OK  [0m] Started Dispatch Password Requests to Console Directory Watch.
[[0;32m  OK  [0m] Reached target Local Encrypted Volumes.
[[0;32m  OK  [0m] Reached target Local File Systems (Pre).
[[0;32m  OK  [0m] Reached target Local File Systems.
         Starting Commit a transient machine-id on disk...
         Starting ebtables ruleset management...
         Starting Tell Plymouth To Write Out Runtime Data...
         Starting AppArmor initialization...
         Starting Create Volatile Files and Directories...
         Starting Set console font and keymap...
[[0;32m  OK  [0m] Started Tell Plymouth To Write Out Runtime Data.
[[0;32m  OK  [0m] Started Commit a transient machine-id on disk.
[[0;32m  OK  [0m] Started Create Volatile Files and Directories.
[[0;32m  OK  [0m] Started Set console font and keymap.
         Starting Update UTMP about System Boot/Shutdown...
[[0;32m  OK  [0m] Started Update UTMP about System Boot/Shutdown.
[[0;32m  OK  [0m] Started ebtables ruleset management.
[[0;32m  OK  [0m] Started AppArmor initialization.
         Starting Initial cloud-init job (pre-networking)...
[    6.699076] cloud-init[686]: Cloud-init v. 19.1-1-gbaa47854-0ubuntu1~18.04.1 running 'init-local' at Tue, 17 Sep 2019 14:11:14 +0000. Up 6.41 seconds.
[[0;32m  OK  [0m] Started Initial cloud-init job (pre-networking).
[[0;32m  OK  [0m] Reached target Network (Pre).
         Starting Network Service...
[[0;32m  OK  [0m] Started Network Service.
         Starting Network Name Resolution...
         Starting Wait for Network to be Configured...
[[0;32m  OK  [0m] Started Network Name Resolution.
[[0;32m  OK  [0m] Reached target Host and Network Name Lookups.
[[0;32m  OK  [0m] Reached target Network.
[[0;32m  OK  [0m] Started Wait for Network to be Configured.
         Starting Initial cloud-init job (metadata service crawler)...
[    8.695416] cloud-init[810]: Cloud-init v. 19.1-1-gbaa47854-0ubuntu1~18.04.1 running 'init' at Tue, 17 Sep 2019 14:11:16 +0000. Up 8.58 seconds.
[    8.700046] cloud-init[810]: ci-info: ++++++++++++++++++++++++++++++++++++++Net device info+++++++++++++++++++++++++++++++++++++++
[    8.702719] cloud-init[810]: ci-info: +--------+-------+----------------------------+---------------+--------+-------------------+
[    8.716409] cloud-init[810]: ci-info: | Device |   Up  |          Address           |      Mask     | Scope  |     Hw-Address    |
[    8.718964] cloud-init[810]: ci-info: +--------+-------+----------------------------+---------------+--------+-------------------+
[    8.722220] cloud-init[810]: ci-info: | enp0s3 |  True |         10.0.2.15          | 255.255.255.0 | global | 5c:a1:ab:1e:00:11 |
[    8.732477] cloud-init[810]: ci-info: | enp0s3 |  True | fe80::5ea1:abff:fe1e:11/64 |       .       |  link  | 5c:a1:ab:1e:00:11 |
[    8.734234] cloud-init[810]: ci-info: | enp0s8 | False |             .              |       .       |   .    | 08:00:27:f0:12:5c |
[    8.736540] cloud-init[810]: ci-info: |   lo   |  True |         127.0.0.1          |   255.0.0.0   |  host  |         .         |
[    8.739202] cloud-init[810]: ci-info: |   lo   |  True |          ::1/128           |       .       |  host  |         .         |
[    8.742003] cloud-init[810]: ci-info: +--------+-------+----------------------------+---------------+--------+-------------------+
[    8.744680] cloud-init[810]: ci-info: ++++++++++++++++++++++++++++Route IPv4 info+++++++++++++++++++++++++++++
[    8.760585] cloud-init[810]: ci-info: +-------+-------------+----------+-----------------+-----------+-------+
[    8.772666] cloud-init[810]: ci-info: | Route | Destination | Gateway  |     Genmask     | Interface | Flags |
[    8.784458] cloud-init[810]: ci-info: +-------+-------------+----------+-----------------+-----------+-------+
[    8.800322] cloud-init[810]: ci-info: |   0   |   0.0.0.0   | 10.0.2.2 |     0.0.0.0     |   enp0s3  |   UG  |
[    8.812299] cloud-init[810]: ci-info: |   1   |   10.0.2.0  | 0.0.0.0  |  255.255.255.0  |   enp0s3  |   U   |
[    8.813408] cloud-init[810]: ci-info: |   2   |   10.0.2.2  | 0.0.0.0  | 255.255.255.255 |   enp0s3  |   UH  |
[    8.824525] cloud-init[810]: ci-info: +-------+-------------+----------+-----------------+-----------+-------+
[    8.825276] cloud-init[810]: ci-info: +++++++++++++++++++Route IPv6 info+++++++++++++++++++
[    8.840685] cloud-init[810]: ci-info: +-------+-------------+---------+-----------+-------+
[    8.852536] cloud-init[810]: ci-info: | Route | Destination | Gateway | Interface | Flags |
[    8.853921] cloud-init[810]: ci-info: +-------+-------------+---------+-----------+-------+
[    8.855456] cloud-init[810]: ci-info: |   1   |  fe80::/64  |    ::   |   enp0s3  |   U   |
[    8.868423] cloud-init[810]: ci-info: |   3   |    local    |    ::   |   enp0s3  |   U   |
[    8.869936] cloud-init[810]: ci-info: |   4   |   ff00::/8  |    ::   |   enp0s3  |   U   |
[    8.871498] cloud-init[810]: ci-info: +-------+-------------+---------+-----------+-------+
[    9.255933] cloud-init[810]: Generating public/private rsa key pair.
[    9.256716] cloud-init[810]: Your identification has been saved in /etc/ssh/ssh_host_rsa_key.
[    9.257559] cloud-init[810]: Your public key has been saved in /etc/ssh/ssh_host_rsa_key.pub.
[    9.258337] cloud-init[810]: The key fingerprint is:
[    9.259153] cloud-init[810]: SHA256:hU3zB2p14eoMJpnVOvBW1lt5uZQ2YHYK3nPx3G+nFxc root@ubuntu-bionic
[    9.260034] cloud-init[810]: The key's randomart image is:
[    9.276258] cloud-init[810]: +---[RSA 2048]----+
[    9.288286] cloud-init[810]: |          o.o+o+ |
[[0;32m  OK  [0m] Started Initial cloud-init job (metadata service crawler).
[    9.300921] cloud-init[810]: |         +.*==+.B|
[[    9.312487] [0;32m  OK  [0mcloud-init] [810]: Reached target Cloud-config availability.|        o *.=++E*|

[[    9.313584] cloud-init[810]: |         O + o=o*|
[0;32m  OK  [0m] [    9.313753] Reached target Network is Online.cloud-init
[810]: |        S B . .o=|
[[    9.324281] [0;32m  OK  [0mcloud-init] [810]: Reached target Remote File Systems (Pre).|         + =   o+|

[[0;32m  OK  [0m] Reached target Remote File Systems.
[    9.326046] cloud-init[810]: |            o . .|
[    9.349013] cloud-init[810]: |               . |
[    9.349099] cloud-init[810]: |                 |
[    9.349237] cloud-init[810]: +----[SHA256]-----+
[    9.349330] cloud-init[810]: Generating public/private dsa key pair.
         Starting Availability of block devices...
[    9.349511] cloud-init[810]: Your identification has been saved in /etc/ssh/ssh_host_dsa_key.
[[    9.353644] cloud-init[810]: Your public key has been saved in /etc/ssh/ssh_host_dsa_key.pub.
[    9.353764] cloud-init[810]: The key fingerprint is:
[0;32m  OK  [0m] Reached target System Initialization.
[[    9.353904] [0;32m  OK  [0mcloud-init] [810]: Started Daily Cleanup of Temporary Directories.SHA256:9Dn0y5eTRH5SF0EskzkdWSk9LI0qKWE744tKdVy3DPs root@ubuntu-bionic

[[0;32m  OK  [0m] Listening on UUID daemon activation socket.
[    9.358393] cloud-init[810]: The key's randomart image is:
[    9.369520] cloud-init[810]: +---[DSA 1024]----+
[    9.370083] cloud-init[810]: |              @=B|
         [    9.380365] cloud-init[810]: |       o     X X.|
[    9.380594] cloud-init[810]: |      . +oo.. B +|
Starting LXD - unix socket.
[    9.380937] cloud-init[810]: |      .*.==+.o ..|
[    9.383577] cloud-init[810]: |     ..oS.=o. + .|
[    9.384503] cloud-init[810]: |    . ..  .o o = |
[    9.385389] cloud-init[810]: |   .  . .  Eo =  |
[    9.385445] cloud-init[810]: |  .  . .     . . |
[    9.385830] cloud-init[810]: |   ..            |
[    9.386624] cloud-init[810]: +----[SHA256]-----+
[    9.387329] cloud-init[810]: Generating public/private ecdsa key pair.
[    9.388548] cloud-init[810]: Your identification has been saved in /etc/ssh/ssh_host_ecdsa_key.
[    9.389266] cloud-init[810]: Your public key has been saved in /etc/ssh/ssh_host_ecdsa_key.pub.
[    9.389989] cloud-init[810]: The key fingerprint is:
[    9.390677] cloud-init[810]: SHA256:0+bKTrEq2Kb/ByYDcWfOVB9lXzpJSekOe0U/y9tGGAk root@ubuntu-bionic
[    9.391395] cloud-init[810]: The key's randomart image is:
[    9.392673] cloud-init[810]: +---[ECDSA 256]---+
[    9.393361] cloud-init[810]: |       .. ..o.oo.|
[    9.393859] cloud-init[810]: |  . . +  . oEoo+.|
[    9.394551] cloud-init[810]: |   o *    .  o=o.|
[    9.395228] cloud-init[810]: |  .   o  .  . +oo|
[    9.395924] cloud-init[810]: |   .    S o  +.+o|
[    9.396641] cloud-init[810]: |    o o  *  . +o.|
[    9.397328] cloud-init[810]: |   o + .o .  . .o|
[    9.398004] cloud-init[810]: |  . +  +..     .o|
[    9.398642] cloud-init[810]: |  .+.ooo+      . |
[    9.399705] cloud-init[810]: +----[SHA256]-----+
[    9.401256] cloud-init[810]: Generating public/private ed25519 key pair.
[    9.401916] cloud-init[810]: Your identification has been saved in /etc/ssh/ssh_host_ed25519_key.
[    9.402567] cloud-init[810]: Your public key has been saved in /etc/ssh/ssh_host_ed25519_key.pub.
[    9.403669] cloud-init[810]: The key fingerprint is:
[    9.404560] cloud-init[810]: SHA256:NVQX1PnbOIvePwV1jBhz2hRRthlRnUenvTb3uejqakM root@ubuntu-bionic
[    9.405204] cloud-init[810]: The key's randomart image is:
[    9.405859] cloud-init[810]: +--[ED25519 256]--+
[    9.406510] cloud-init[810]: |          ..++O%%|
[    9.407781] cloud-init[810]: |         .  .B.*%|
[    9.408749] cloud-init[810]: |          o . o+=|
[    9.409831] cloud-init[810]: |         . .  . o|
[    9.410742] cloud-init[810]: |        S      *+|
[    9.411343] cloud-init[810]: |         E    +.B|
[    9.411843] cloud-init[810]: |        .    . +o|
[    9.412499] cloud-init[810]: |         o  ..o..|
[    9.413036] cloud-init[810]: |        ..+++o.oo|
[    9.413698] cloud-init[810]: +----[SHA256]-----+
[[0;32m  OK  [0m] Started Daily apt download activities.
[[0;32m  OK  [0m] Listening on Open-iSCSI iscsid Socket.
[[0;32m  OK  [0m] Listening on D-Bus System Message Bus Socket.
[[0;32m  OK  [0m] Started ACPI Events Check.
[[0;32m  OK  [0m] Reached target Paths.
[[0;32m  OK  [0m] Started Discard unused blocks once a week.
[[0;32m  OK  [0m] Listening on ACPID Listen Socket.
[[0;32m  OK  [0m] Started Daily apt upgrade and clean activities.
[[0;32m  OK  [0m] Started Message of the Day.
[[0;32m  OK  [0m] Reached target Timers.
         Starting Socket activation for snappy daemon.
[[0;32m  OK  [0m] Started Availability of block devices.
[[0;32m  OK  [0m] Listening on LXD - unix socket.
[[0;32m  OK  [0m] Listening on Socket activation for snappy daemon.
[[0;32m  OK  [0m] Reached target Sockets.
[[0;32m  OK  [0m] Reached target Basic System.
[[0;32m  OK  [0m] Started FUSE filesystem for LXC.
         Starting Pollinate to seed the pseudo random number generator...
[[0;32m  OK  [0m] Started Regular background program processing daemon.
         Starting Permit User Sessions...
         Starting Dispatcher daemon for systemd-networkd...
         Starting Snappy daemon...
         Starting Virtualbox guest utils...
         Starting LSB: Record successful boot for GRUB...
         Starting System Logging Service...
         Starting Accounts Service...
         Starting LXD - container startup/shutdown...
[[0;32m  OK  [0m] Started Deferred execution scheduler.
         Starting Login Service...
[[0;32m  OK  [0m] Started D-Bus System Message Bus.
         Starting LSB: automatic crash report generation...
[[0;32m  OK  [0m] Started irqbalance daemon.
[[0;32m  OK  [0m] Started System Logging Service.
[[0;32m  OK  [0m] Started Permit User Sessions.
[[0;32m  OK  [0m] Started LXD - container startup/shutdown.
[[0;32m  OK  [0m] Started Login Service.
[[0;32m  OK  [0m] Started Unattended Upgrades Shutdown.
         Starting Authorization Manager...
         Starting Hold until boot process finishes up...
         Starting Terminate Plymouth Boot Screen...
[[0;32m  OK  [0m] Started Hold until boot process finishes up.
         Starting Set console scheme...
[[0;32m  OK  [0m] Started Serial Getty on ttyS0.
[[0;32m  OK  [0m] Started Terminate Plymouth Boot Screen.
[[0;32m  OK  [0m] Started Authorization Manager.
[[0;32m  OK  [0m] Started Accounts Service.
[[0;32m  OK  [0m] Started Dispatcher daemon for systemd-networkd.
[[0;32m  OK  [0m] Started Set console scheme.
[[0;32m  OK  [0m] Created slice system-getty.slice.
[[0;32m  OK  [0m] Started Getty on tty1.
[[0;32m  OK  [0m] Reached target Login Prompts.
[[0;32m  OK  [0m] Started LSB: automatic crash report generation.
[[0;32m  OK  [0m] Started LSB: Record successful boot for GRUB.
[[0;32m  OK  [0m] Started Virtualbox guest utils.
[[0;32m  OK  [0m] Started Snappy daemon.
         Starting Wait until snapd is fully seeded...
[[0;32m  OK  [0m] Started Pollinate to seed the pseudo random number generator.
         Starting OpenBSD Secure Shell server...
[[0;32m  OK  [0m] Started OpenBSD Secure Shell server.
[[0;32m  OK  [0m] Created slice User Slice of vagrant.
         Starting User Manager for UID 1000...
[[0;32m  OK  [0m] Started Session 1 of user vagrant.
[[0;32m  OK  [0m] Started User Manager for UID 1000.
         Starting Hostname Service...
[[0;32m  OK  [0m] Started Hostname Service.
[[0;32m  OK  [0m] Stopped Wait for Network to be Configured.
         Stopping Wait for Network to be Configured...
         Stopping Network Service...
[[0;32m  OK  [0m] Stopped Network Service.
         Starting Network Service...
[[0;32m  OK  [0m] Started Network Service.
         Starting Wait for Network to be Configured...
[[0;32m  OK  [0m] Started Wait for Network to be Configured.
[[0;32m  OK  [0m] Stopped Wait for Network to be Configured.
         Stopping Network Service...
[[0;32m  OK  [0m] Stopped Network Service.
         Starting Network Service...

Ubuntu 18.04.3 LTS zabbix-proxy ttyS0

zabbix-proxy login: [   16.245899] cloud-init[2002]: Cloud-init v. 19.1-1-gbaa47854-0ubuntu1~18.04.1 running 'modules:config' at Tue, 17 Sep 2019 14:11:23 +0000. Up 15.98 seconds.
ci-info: +++++++++++++++Authorized keys from /home/ubuntu/.ssh/authorized_keys for user ubuntu++++++++++++++++
ci-info: +---------+-------------------------------------------------+---------+-----------------------------+
ci-info: | Keytype |                Fingerprint (md5)                | Options |           Comment           |
ci-info: +---------+-------------------------------------------------+---------+-----------------------------+
ci-info: | ssh-rsa | dd:3b:b8:2e:85:04:06:e9:ab:ff:a8:0a:c0:04:6e:d6 |    -    | vagrant insecure public key |
ci-info: +---------+-------------------------------------------------+---------+-----------------------------+
<14>Sep 17 14:11:24 ec2: 
<14>Sep 17 14:11:24 ec2: #############################################################
<14>Sep 17 14:11:24 ec2: -----BEGIN SSH HOST KEY FINGERPRINTS-----
<14>Sep 17 14:11:24 ec2: 1024 SHA256:9Dn0y5eTRH5SF0EskzkdWSk9LI0qKWE744tKdVy3DPs root@ubuntu-bionic (DSA)
<14>Sep 17 14:11:24 ec2: 256 SHA256:0+bKTrEq2Kb/ByYDcWfOVB9lXzpJSekOe0U/y9tGGAk root@ubuntu-bionic (ECDSA)
<14>Sep 17 14:11:24 ec2: 256 SHA256:NVQX1PnbOIvePwV1jBhz2hRRthlRnUenvTb3uejqakM root@ubuntu-bionic (ED25519)
<14>Sep 17 14:11:24 ec2: 2048 SHA256:hU3zB2p14eoMJpnVOvBW1lt5uZQ2YHYK3nPx3G+nFxc root@ubuntu-bionic (RSA)
<14>Sep 17 14:11:24 ec2: -----END SSH HOST KEY FINGERPRINTS-----
<14>Sep 17 14:11:24 ec2: #############################################################
-----BEGIN SSH HOST KEY KEYS-----
ecdsa-sha2-nistp256 AAAAE2VjZHNhLXNoYTItbmlzdHAyNTYAAAAIbmlzdHAyNTYAAABBBOx7Sw+J1rFCthPreSI+/SnQB3/iEixvqJ0CgEaFBrSmCW64eq9adUA0IsCfvCPZm4ZxW2V6idRRspVAf3bdObI= root@ubuntu-bionic
ssh-ed25519 AAAAC3NzaC1lZDI1NTE5AAAAIMGCfQJhv8X2DFIGqwpQiZPDSRXju5z70B8Fs6lh4IIe root@ubuntu-bionic
ssh-rsa AAAAB3NzaC1yc2EAAAADAQABAAABAQC7wjbRNXoeooTQoSf5WyMMkujep4rYhDHou9TIO8ep+NQLAsvnwCGBdCcwlbZvDwppRzmO7BoxO1Xh5iYLC6vtTeVFElo0X2Kp0dWqM1L8BI8/ui14B1p/DyEkPNyxvJYn0JQBotzaLs9qBVBAea4w579+F3ETqP4BgtqGHetUKv6d0jmrj0kWENKZigxTYbnzh29tZ7Vr6sGSvPZR+Memai2iiYoswJCcicBThv8npx2CbsHyiji2K+OQLFxS5jq9zNnH12         Stopping Authorization Manager...
         Stopping Session 22 of user vagrant.
         Stopping User Manager for UID 1000...
         Stopping Session 24 of user vagrant.
[[0;32m  OK  [0m] Stopped target Cloud-init target.
[[0;32m  OK  [0m] Stopped Execute cloud user/final scripts.
[[0;32m  OK  [0m] Stopped Apply the settings specified in cloud-config.
[[0;32m  OK  [0m] Stopped target Network is Online.
[[0;32m  OK  [0m] Stopped target Cloud-config availability.
[[0;32m  OK  [0m] Stopped target Timers.
[[0;32m  OK  [0m] Stopped Message of the Day.
[[0;32m  OK  [0m] Stopped Daily apt upgrade and clean activities.
[[0;32m  OK  [0m] Stopped Discard unused blocks once a week.
[[0;32m  OK  [0m] Stopped Daily Cleanup of Temporary Directories.
[[0;32m  OK  [0m] Stopped target Graphical Interface.
         Stopping Accounts Service...
[[0;32m  OK  [0m] Stopped target Multi-User System.
         Stopping Dispatcher daemon for systemd-networkd...
         Stopping Unattended Upgrades Shutdown...
         Stopping OpenBSD Secure Shell server...
         Stopping irqbalance daemon...
         Stopping LSB: automatic crash report generation...
         Stopping Regular background program processing daemon...
         Stopping System Logging Service...
[[0;32m  OK  [0m] Stopped target Login Prompts.
         Stopping Getty on tty1...
         Stopping Serial Getty on ttyS0...
         Stopping LXD - container startup/shutdown...
         Stopping D-Bus System Message Bus...
         Stopping LSB: Record successful boot for GRUB...
         Stopping Virtualbox guest utils...
         Stopping Availability of block devices...
[[0;32m  OK  [0m] Stopped Daily apt download activities.
[[0;32m  OK  [0m] Stopped target System Time Synchronized.
[[0;32m  OK  [0m] Stopped Wait until snapd is fully seeded.
         Stopping Deferred execution scheduler...
[[0;32m  OK  [0m] Closed Load/Save RF Kill Switch Status /dev/rfkill Watch.
[[0;32m  OK  [0m] Stopped target Host and Network Name Lookups.
         Stopping FUSE filesystem for LXC...
[[0;32m  OK  [0m] Stopped Accounts Service.
[[0;32m  OK  [0m] Unmounted /var/lib/lxcfs.
[[0;32m  OK  [0m] Stopped Dispatcher daemon for systemd-networkd.
[[0;32m  OK  [0m] Stopped System Logging Service.
[[0;32m  OK  [0m] Stopped Deferred execution scheduler.
[[0;32m  OK  [0m] Stopped Unattended Upgrades Shutdown.
[[0;32m  OK  [0m] Stopped Regular background program processing daemon.
[[0;32m  OK  [0m] Stopped irqbalance daemon.
[[0;32m  OK  [0m] Stopped Authorization Manager.
[[0;32m  OK  [0m] Stopped Serial Getty on ttyS0.
[[0;32m  OK  [0m] Stopped Getty on tty1.
[[0;32m  OK  [0m] Stopped OpenBSD Secure Shell server.
[[0;32m  OK  [0m] Stopped User Manager for UID 1000.
[[0;32m  OK  [0m] Stopped D-Bus System Message Bus.
[[0;32m  OK  [0m] Stopped Availability of block devices.
[[0;32m  OK  [0m] Stopped FUSE filesystem for LXC.
[[0;32m  OK  [0m] Stopped Session 24 of user vagrant.
[[0;32m  OK  [0m] Stopped Session 22 of user vagrant.
[[0;32m  OK  [0m] Removed slice User Slice of vagrant.
[[0;32m  OK  [0m] Removed slice system-getty.slice.
         Stopping Permit User Sessions...
[[0;32m  OK  [0m] Removed slice system-serial\x2dgetty.slice.
         Stopping Login Service...
[[0;32m  OK  [0m] Stopped LXD - container startup/shutdown.
[[0;32m  OK  [0m] Stopped Permit User Sessions.
[[0;32m  OK  [0m] Stopped target Network.
         Stopping Network Name Resolution...
[[0;32m  OK  [0m] Stopped LSB: Record successful boot for GRUB.
[[0;32m  OK  [0m] Stopped Network Name Resolution.
[[0;32m  OK  [0m] Stopped LSB: automatic crash report generation.
[[0;32m  OK  [0m] Stopped Virtualbox guest utils.
[[0;32m  OK  [0m] Stopped target Remote File Systems.
[[0;32m  OK  [0m] Stopped target Remote File Systems (Pre).
         Stopping Network Service...
[[0;32m  OK  [0m] Stopped Login Service.
[[0;32m  OK  [0m] Stopped target User and Group Name Lookups.
[[0;32m  OK  [0m] Stopped target Basic System.
[[0;32m  OK  [0m] Stopped target Paths.
[[0;32m  OK  [0m] Stopped ACPI Events Check.
[[0;32m  OK  [0m] Stopped target Slices.
[[0;32m  OK  [0m] Stopped target Sockets.
[[0;32m  OK  [0m] Closed LXD - unix socket.
[[0;32m  OK  [0m] Closed Syslog Socket.
[[0;32m  OK  [0m] Closed ACPID Listen Socket.
[[0;32m  OK  [0m] Closed D-Bus System Message Bus Socket.
[[0;32m  OK  [0m] Closed Open-iSCSI iscsid Socket.
[[0;32m  OK  [0m] Closed Socket activation for snappy daemon.
[[0;32m  OK  [0m] Closed UUID daemon activation socket.
[[0;32m  OK  [0m] Stopped target System Initialization.
[[0;32m  OK  [0m] Stopped Initial cloud-init job (metadata service crawler).
         Stopping Update UTMP about System Boot/Shutdown...
[[0;32m  OK  [0m] Stopped target Local Encrypted Volumes.
[[0;32m  OK  [0m] Stopped Dispatch Password Requests to Console Directory Watch.
[[0;32m  OK  [0m] Stopped Forward Password Requests to Wall Directory Watch.
         Stopping Load/Save Random Seed...
[[0;32m  OK  [0m] Stopped Commit a transient machine-id on disk.
[[0;32m  OK  [0m] Removed slice User and Session Slice.
[[0;32m  OK  [0m] Stopped Network Service.
[[0;32m  OK  [0m] Stopped Load/Save Random Seed.
[[0;32m  OK  [0m] Stopped Apply Kernel Variables.
[[0;32m  OK  [0m] Stopped Load Kernel Modules.
[[0;32m  OK  [0m] Stopped target Network (Pre).
[[0;32m  OK  [0m] Stopped Initial cloud-init job (pre-networking).
[[0;32m  OK  [0m] Stopped Update UTMP about System Boot/Shutdown.
[[0;32m  OK  [0m] Stopped Create Volatile Files and Directories.
[[0;32m  OK  [0m] Stopped target Local File Systems.
         Unmounting /run/user/1000...
         Unmounting /vagrant...
[[0;32m  OK  [0m] Unmounted /run/user/1000.
[[0;32m  OK  [0m] Unmounted /vagrant.
[[0;32m  OK  [0m] Reached target Unmount All Filesystems.
[[0;32m  OK  [0m] Stopped target Local File Systems (Pre).
         Stopping Monitoring of LVM2 mirrors…ng dmeventd or progress polling...
[[0;32m  OK  [0m] Stopped Create Static Device Nodes in /dev.
[[0;32m  OK  [0m] Stopped Remount Root and Kernel File Systems.
[[0;32m  OK  [0m] Stopped target Swap.
[[0;32m  OK  [0m] Reached target Shutdown.
[[0;32m  OK  [0m] Reached target Final Step.
         Starting Reboot...
[[0;32m  OK  [0m] Stopped Monitoring of LVM2 mirrors,…sing dmeventd or progress polling.
         Stopping LVM2 metadata daemon...
[[0;32m  OK  [0m] Stopped LVM2 metadata daemon.
[17937.506788] reboot: Restarting system
[    0.000000] Linux version 4.15.0-60-generic (buildd@lgw01-amd64-030) (gcc version 7.4.0 (Ubuntu 7.4.0-1ubuntu1~18.04.1)) #67-Ubuntu SMP Thu Aug 22 16:55:30 UTC 2019 (Ubuntu 4.15.0-60.67-generic 4.15.18)
[    0.000000] Command line: BOOT_IMAGE=/boot/vmlinuz-4.15.0-60-generic root=LABEL=cloudimg-rootfs ro console=tty1 console=ttyS0
[    0.000000] KERNEL supported cpus:
[    0.000000]   Intel GenuineIntel
[    0.000000]   AMD AuthenticAMD
[    0.000000]   Centaur CentaurHauls
[    0.000000] x86/fpu: Supporting XSAVE feature 0x001: 'x87 floating point registers'
[    0.000000] x86/fpu: Supporting XSAVE feature 0x002: 'SSE registers'
[    0.000000] x86/fpu: Supporting XSAVE feature 0x004: 'AVX registers'
[    0.000000] x86/fpu: xstate_offset[2]:  576, xstate_sizes[2]:  256
[    0.000000] x86/fpu: Enabled xstate features 0x7, context size is 832 bytes, using 'standard' format.
[    0.000000] e820: BIOS-provided physical RAM map:
[    0.000000] BIOS-e820: [mem 0x0000000000000000-0x000000000009fbff] usable
[    0.000000] BIOS-e820: [mem 0x000000000009fc00-0x000000000009ffff] reserved
[    0.000000] BIOS-e820: [mem 0x00000000000f0000-0x00000000000fffff] reserved
[    0.000000] BIOS-e820: [mem 0x0000000000100000-0x000000003ffeffff] usable
[    0.000000] BIOS-e820: [mem 0x000000003fff0000-0x000000003fffffff] ACPI data
[    0.000000] BIOS-e820: [mem 0x00000000fec00000-0x00000000fec00fff] reserved
[    0.000000] BIOS-e820: [mem 0x00000000fee00000-0x00000000fee00fff] reserved
[    0.000000] BIOS-e820: [mem 0x00000000fffc0000-0x00000000ffffffff] reserved
[    0.000000] NX (Execute Disable) protection: active
[    0.000000] SMBIOS 2.5 present.
[    0.000000] DMI: innotek GmbH VirtualBox/VirtualBox, BIOS VirtualBox 12/01/2006
[    0.000000] Hypervisor detected: KVM
[    0.000000] e820: last_pfn = 0x3fff0 max_arch_pfn = 0x400000000
[    0.000000] MTRR: Disabled
[    0.000000] x86/PAT: MTRRs disabled, skipping PAT initialization too.
[    0.000000] CPU MTRRs all blank - virtualized system.
[    0.000000] x86/PAT: Configuration [0-7]: WB  WT  UC- UC  WB  WT  UC- UC  
[    0.000000] Scanning 1 areas for low memory corruption
[    0.000000] RAMDISK: [mem 0x35a8d000-0x36d3dfff]
[    0.000000] ACPI: Early table checksum verification disabled
[    0.000000] ACPI: RSDP 0x00000000000E0000 000024 (v02 VBOX  )
[    0.000000] ACPI: XSDT 0x000000003FFF0030 00003C (v01 VBOX   VBOXXSDT 00000001 ASL  00000061)
[    0.000000] ACPI: FACP 0x000000003FFF00F0 0000F4 (v04 VBOX   VBOXFACP 00000001 ASL  00000061)
[    0.000000] ACPI: DSDT 0x000000003FFF0470 0022EA (v02 VBOX   VBOXBIOS 00000002 INTL 20100528)
[    0.000000] ACPI: FACS 0x000000003FFF0200 000040
[    0.000000] ACPI: FACS 0x000000003FFF0200 000040
[    0.000000] ACPI: APIC 0x000000003FFF0240 00005C (v02 VBOX   VBOXAPIC 00000001 ASL  00000061)
[    0.000000] ACPI: SSDT 0x000000003FFF02A0 0001CC (v01 VBOX   VBOXCPUT 00000002 INTL 20100528)
[    0.000000] No NUMA configuration found
[    0.000000] Faking a node at [mem 0x0000000000000000-0x000000003ffeffff]
[    0.000000] NODE_DATA(0) allocated [mem 0x3ffc5000-0x3ffeffff]
[    0.000000] kvm-clock: cpu 0, msr 0:3ff44001, primary cpu clock
[    0.000000] kvm-clock: Using msrs 4b564d01 and 4b564d00
[    0.000000] kvm-clock: using sched offset of 17945182592212 cycles
[    0.000000] clocksource: kvm-clock: mask: 0xffffffffffffffff max_cycles: 0x1cd42e4dffb, max_idle_ns: 881590591483 ns
[    0.000000] Zone ranges:
[    0.000000]   DMA      [mem 0x0000000000001000-0x0000000000ffffff]
[    0.000000]   DMA32    [mem 0x0000000001000000-0x000000003ffeffff]
[    0.000000]   Normal   empty
[    0.000000]   Device   empty
[    0.000000] Movable zone start for each node
[    0.000000] Early memory node ranges
[    0.000000]   node   0: [mem 0x0000000000001000-0x000000000009efff]
[    0.000000]   node   0: [mem 0x0000000000100000-0x000000003ffeffff]
[    0.000000] Reserved but unavailable: 98 pages
[    0.000000] Initmem setup node 0 [mem 0x0000000000001000-0x000000003ffeffff]
[    0.000000] ACPI: PM-Timer IO Port: 0x4008
[    0.000000] IOAPIC[0]: apic_id 2, version 32, address 0xfec00000, GSI 0-23
[    0.000000] ACPI: INT_SRC_OVR (bus 0 bus_irq 0 global_irq 2 dfl dfl)
[    0.000000] ACPI: INT_SRC_OVR (bus 0 bus_irq 9 global_irq 9 low level)
[    0.000000] Using ACPI (MADT) for SMP configuration information
[    0.000000] smpboot: Allowing 2 CPUs, 0 hotplug CPUs
[    0.000000] PM: Registered nosave memory: [mem 0x00000000-0x00000fff]
[    0.000000] PM: Registered nosave memory: [mem 0x0009f000-0x0009ffff]
[    0.000000] PM: Registered nosave memory: [mem 0x000a0000-0x000effff]
[    0.000000] PM: Registered nosave memory: [mem 0x000f0000-0x000fffff]
[    0.000000] e820: [mem 0x40000000-0xfebfffff] available for PCI devices
[    0.000000] Booting paravirtualized kernel on KVM
[    0.000000] clocksource: refined-jiffies: mask: 0xffffffff max_cycles: 0xffffffff, max_idle_ns: 7645519600211568 ns
[    0.000000] random: get_random_bytes called from start_kernel+0x99/0x4fd with crng_init=0
[    0.000000] setup_percpu: NR_CPUS:8192 nr_cpumask_bits:2 nr_cpu_ids:2 nr_node_ids:1
[    0.000000] percpu: Embedded 46 pages/cpu s151552 r8192 d28672 u1048576
[    0.000000] PV qspinlock hash table entries: 256 (order: 0, 4096 bytes)
[    0.000000] Built 1 zonelists, mobility grouping on.  Total pages: 257913
[    0.000000] Policy zone: DMA32
[    0.000000] Kernel command line: BOOT_IMAGE=/boot/vmlinuz-4.15.0-60-generic root=LABEL=cloudimg-rootfs ro console=tty1 console=ttyS0
[    0.000000] Memory: 983444K/1048120K available (12300K kernel code, 2481K rwdata, 4172K rodata, 2436K init, 2384K bss, 64676K reserved, 0K cma-reserved)
[    0.000000] SLUB: HWalign=64, Order=0-3, MinObjects=0, CPUs=2, Nodes=1
[    0.000000] Kernel/User page tables isolation: enabled
[    0.000000] ftrace: allocating 39306 entries in 154 pages
[    0.004000] Hierarchical RCU implementation.
[    0.004000] 	RCU restricting CPUs from NR_CPUS=8192 to nr_cpu_ids=2.
[    0.004000] 	Tasks RCU enabled.
[    0.004000] RCU: Adjusting geometry for rcu_fanout_leaf=16, nr_cpu_ids=2
[    0.004000] NR_IRQS: 524544, nr_irqs: 440, preallocated irqs: 16
[    0.004000] Console: colour VGA+ 80x25
[    0.004000] console [tty1] enabled
[    0.004000] console [ttyS0] enabled
[    0.004000] ACPI: Core revision 20170831
[    0.004000] ACPI: 2 ACPI AML tables successfully acquired and loaded
[    0.004000] APIC: Switch to symmetric I/O mode setup
[    0.004000] x2apic enabled
[    0.004000] Switched APIC routing to physical x2apic.
[    0.004000] ..TIMER: vector=0x30 apic1=0 pin1=2 apic2=-1 pin2=-1
[    0.004004] tsc: Detected 2208.000 MHz processor
[    0.005195] Calibrating delay loop (skipped) preset value.. 4416.00 BogoMIPS (lpj=8832000)
[    0.008002] pid_max: default: 32768 minimum: 301
[    0.009039] Security Framework initialized
[    0.010143] Yama: becoming mindful.
[    0.012017] AppArmor: AppArmor initialized
[    0.012896] Dentry cache hash table entries: 131072 (order: 8, 1048576 bytes)
[    0.014226] Inode-cache hash table entries: 65536 (order: 7, 524288 bytes)
[    0.015580] Mount-cache hash table entries: 2048 (order: 2, 16384 bytes)
[    0.016004] Mountpoint-cache hash table entries: 2048 (order: 2, 16384 bytes)
[    0.017475] Last level iTLB entries: 4KB 64, 2MB 8, 4MB 8
[    0.018720] Last level dTLB entries: 4KB 64, 2MB 0, 4MB 0, 1GB 4
[    0.020002] Spectre V1 : Mitigation: usercopy/swapgs barriers and __user pointer sanitization
[    0.022362] Spectre V2 : Mitigation: Full generic retpoline
[    0.024001] Spectre V2 : Spectre v2 / SpectreRSB mitigation: Filling RSB on context switch
[    0.025826] Speculative Store Bypass: Vulnerable
[    0.026711] MDS: Mitigation: Clear CPU buffers
[    0.027656] Freeing SMP alternatives memory: 36K
[    0.032000] smpboot: CPU0: Intel(R) Core(TM) i7-8750H CPU @ 2.20GHz (family: 0x6, model: 0x9e, stepping: 0xa)
[    0.032000] Performance Events: unsupported p6 CPU model 158 no PMU driver, software events only.
[    0.032026] Hierarchical SRCU implementation.
[    0.033324] NMI watchdog: Perf event create on CPU 0 failed with -2
[    0.034472] NMI watchdog: Perf NMI watchdog permanently disabled
[    0.036033] smp: Bringing up secondary CPUs ...
[    0.037104] x86: Booting SMP configuration:
[    0.038147] .... node  #0, CPUs:      #1
[    0.004000] kvm-clock: cpu 1, msr 0:3ff44041, secondary cpu clock
[    0.042813] smp: Brought up 1 node, 2 CPUs
[    0.042813] smpboot: Max logical packages: 1
[    0.044004] smpboot: Total of 2 processors activated (8832.00 BogoMIPS)
[    0.045300] devtmpfs: initialized
[    0.045300] x86/mm: Memory block size: 128MB
[    0.045802] evm: security.selinux
[    0.048002] evm: security.SMACK64
[    0.048646] evm: security.SMACK64EXEC
[    0.049346] evm: security.SMACK64TRANSMUTE
[    0.050120] evm: security.SMACK64MMAP
[    0.050863] evm: security.apparmor
[    0.051517] evm: security.ima
[    0.052002] evm: security.capability
[    0.052726] clocksource: jiffies: mask: 0xffffffff max_cycles: 0xffffffff, max_idle_ns: 7645041785100000 ns
[    0.054133] futex hash table entries: 512 (order: 3, 32768 bytes)
[    0.056296] pinctrl core: initialized pinctrl subsystem
[    0.057554] RTC time: 16:24:28, date: 09/17/19
[    0.058511] NET: Registered protocol family 16
[    0.059407] audit: initializing netlink subsys (disabled)
[    0.060019] audit: type=2000 audit(1568765210.675:1): state=initialized audit_enabled=0 res=1
[    0.061604] cpuidle: using governor ladder
[    0.061604] cpuidle: using governor menu
[    0.064030] ACPI: bus type PCI registered
[    0.064806] acpiphp: ACPI Hot Plug PCI Controller Driver version: 0.5
[    0.066061] PCI: Using configuration type 1 for base access
[    0.068131] HugeTLB registered 2.00 MiB page size, pre-allocated 0 pages
[    0.069262] ACPI: Added _OSI(Module Device)
[    0.069262] ACPI: Added _OSI(Processor Device)
[    0.069992] ACPI: Added _OSI(3.0 _SCP Extensions)
[    0.072002] ACPI: Added _OSI(Processor Aggregator Device)
[    0.072996] ACPI: Added _OSI(Linux-Dell-Video)
[    0.073823] ACPI: Added _OSI(Linux-Lenovo-NV-HDMI-Audio)
[    0.074816] ACPI: Added _OSI(Linux-HPI-Hybrid-Graphics)
[    0.076342] ACPI: Executed 1 blocks of module-level executable AML code
[    0.081290] ACPI: Interpreter enabled
[    0.082000] ACPI: (supports S0 S5)
[    0.082655] ACPI: Using IOAPIC for interrupt routing
[    0.084053] PCI: Using host bridge windows from ACPI; if necessary, use "pci=nocrs" and report a bug
[    0.085907] ACPI: Enabled 2 GPEs in block 00 to 07
[    0.091882] ACPI: PCI Root Bridge [PCI0] (domain 0000 [bus 00-ff])
[    0.092005] acpi PNP0A03:00: _OSC: OS supports [ASPM ClockPM Segments MSI]
[    0.093589] acpi PNP0A03:00: _OSC: not requesting OS control; OS requires [ExtendedConfig ASPM ClockPM MSI]
[    0.096008] acpi PNP0A03:00: fail to add MMCONFIG information, can't access extended PCI configuration space under this bridge.
[    0.100050] PCI host bridge to bus 0000:00
[    0.100926] pci_bus 0000:00: root bus resource [io  0x0000-0x0cf7 window]
[    0.102344] pci_bus 0000:00: root bus resource [io  0x0d00-0xffff window]
[    0.103590] pci_bus 0000:00: root bus resource [mem 0x000a0000-0x000bffff window]
[    0.104002] pci_bus 0000:00: root bus resource [mem 0x40000000-0xfdffffff window]
[    0.105384] pci_bus 0000:00: root bus resource [bus 00-ff]
[    0.110348] pci 0000:00:01.1: legacy IDE quirk: reg 0x10: [io  0x01f0-0x01f7]
[    0.112002] pci 0000:00:01.1: legacy IDE quirk: reg 0x14: [io  0x03f6]
[    0.113200] pci 0000:00:01.1: legacy IDE quirk: reg 0x18: [io  0x0170-0x0177]
[    0.114506] pci 0000:00:01.1: legacy IDE quirk: reg 0x1c: [io  0x0376]
[    0.127752] pci 0000:00:07.0: quirk: [io  0x4000-0x403f] claimed by PIIX4 ACPI
[    0.128018] pci 0000:00:07.0: quirk: [io  0x4100-0x410f] claimed by PIIX4 SMB
[    0.138757] ACPI: PCI Interrupt Link [LNKA] (IRQs 5 9 10 *11)
[    0.140255] ACPI: PCI Interrupt Link [LNKB] (IRQs 5 9 *10 11)
[    0.141419] ACPI: PCI Interrupt Link [LNKC] (IRQs 5 *9 10 11)
[    0.142598] ACPI: PCI Interrupt Link [LNKD] (IRQs 5 9 10 *11)
[    0.144297] SCSI subsystem initialized
[    0.145056] pci 0000:00:02.0: vgaarb: setting as boot VGA device
[    0.145786] pci 0000:00:02.0: vgaarb: VGA device added: decodes=io+mem,owns=io+mem,locks=none
[    0.148008] pci 0000:00:02.0: vgaarb: bridge control possible
[    0.149073] vgaarb: loaded
[    0.149652] ACPI: bus type USB registered
[    0.150435] usbcore: registered new interface driver usbfs
[    0.151463] usbcore: registered new interface driver hub
[    0.152021] usbcore: registered new device driver usb
[    0.153026] EDAC MC: Ver: 3.0.0
[    0.153026] PCI: Using ACPI for IRQ routing
[    0.156293] NetLabel: Initializing
[    0.156957] NetLabel:  domain hash size = 128
[    0.157775] NetLabel:  protocols = UNLABELED CIPSOv4 CALIPSO
[    0.158845] NetLabel:  unlabeled traffic allowed by default
[    0.160060] clocksource: Switched to clocksource kvm-clock
[    0.168251] VFS: Disk quotas dquot_6.6.0
[    0.169443] VFS: Dquot-cache hash table entries: 512 (order 0, 4096 bytes)
[    0.171381] AppArmor: AppArmor Filesystem Enabled
[    0.172318] pnp: PnP ACPI init
[    0.174054] pnp: PnP ACPI: found 3 devices
[    0.183374] clocksource: acpi_pm: mask: 0xffffff max_cycles: 0xffffff, max_idle_ns: 2085701024 ns
[    0.185448] NET: Registered protocol family 2
[    0.186935] TCP established hash table entries: 8192 (order: 4, 65536 bytes)
[    0.188253] TCP bind hash table entries: 8192 (order: 5, 131072 bytes)
[    0.189705] TCP: Hash tables configured (established 8192 bind 8192)
[    0.190876] UDP hash table entries: 512 (order: 2, 16384 bytes)
[    0.191965] UDP-Lite hash table entries: 512 (order: 2, 16384 bytes)
[    0.193172] NET: Registered protocol family 1
[    0.194008] pci 0000:00:00.0: Limiting direct PCI/PCI transfers
[    0.195105] pci 0000:00:01.0: Activating ISA DMA hang workarounds
[    0.196529] pci 0000:00:02.0: Video device with shadowed ROM at [mem 0x000c0000-0x000dffff]
[    0.198817] Unpacking initramfs...
[    0.402778] Freeing initrd memory: 19140K
[    0.405298] clocksource: tsc: mask: 0xffffffffffffffff max_cycles: 0x1fd3b81b95f, max_idle_ns: 440795257325 ns
[    0.408359] platform rtc_cmos: registered platform RTC device (no PNP device found)
[    0.410446] Scanning for low memory corruption every 60 seconds
[    0.412768] Initialise system trusted keyrings
[    0.414142] Key type blacklist registered
[    0.415372] workingset: timestamp_bits=36 max_order=18 bucket_order=0
[    0.417807] zbud: loaded
[    0.418960] squashfs: version 4.0 (2009/01/31) Phillip Lougher
[    0.420652] fuse init (API version 7.26)
[    0.424874] Key type asymmetric registered
[    0.425897] Asymmetric key parser 'x509' registered
[    0.427203] Block layer SCSI generic (bsg) driver version 0.4 loaded (major 246)
[    0.428961] io scheduler noop registered
[    0.430071] io scheduler deadline registered
[    0.431290] io scheduler cfq registered (default)
[    0.433046] ACPI: AC Adapter [AC] (off-line)
[    0.434284] input: Power Button as /devices/LNXSYSTM:00/LNXPWRBN:00/input/input0
[    0.436570] ACPI: Power Button [PWRF]
[    0.437709] input: Sleep Button as /devices/LNXSYSTM:00/LNXSLPBN:00/input/input1
[    0.439847] ACPI: Sleep Button [SLPF]
[    0.442312] ACPI: Battery Slot [BAT0] (battery present)
[    0.443906] Serial: 8250/16550 driver, 32 ports, IRQ sharing enabled
[    0.466695] 00:02: ttyS0 at I/O 0x3f8 (irq = 4, base_baud = 115200) is a 16550A
[    0.470303] Linux agpgart interface v0.103
[    0.472508] loop: module loaded
[    0.473639] scsi host0: ata_piix
[    0.474382] scsi host1: ata_piix
[    0.475035] ata1: PATA max UDMA/33 cmd 0x1f0 ctl 0x3f6 bmdma 0xd000 irq 14
[    0.476336] ata2: PATA max UDMA/33 cmd 0x170 ctl 0x376 bmdma 0xd008 irq 15
[    0.477797] libphy: Fixed MDIO Bus: probed
[    0.478619] tun: Universal TUN/TAP device driver, 1.6
[    0.479618] PPP generic driver version 2.4.2
[    0.480617] ehci_hcd: USB 2.0 'Enhanced' Host Controller (EHCI) Driver
[    0.481906] ehci-pci: EHCI PCI platform driver
[    0.482918] ehci-platform: EHCI generic platform driver
[    0.483974] ohci_hcd: USB 1.1 'Open' Host Controller (OHCI) Driver
[    0.485203] ohci-pci: OHCI PCI platform driver
[    0.486047] ohci-platform: OHCI generic platform driver
[    0.487090] uhci_hcd: USB Universal Host Controller Interface driver
[    0.488326] i8042: PNP: PS/2 Controller [PNP0303:PS2K,PNP0f03:PS2M] at 0x60,0x64 irq 1,12
[    0.490275] serio: i8042 KBD port at 0x60,0x64 irq 1
[    0.491221] serio: i8042 AUX port at 0x60,0x64 irq 12
[    0.492356] mousedev: PS/2 mouse device common for all mice
[    0.494235] input: AT Translated Set 2 keyboard as /devices/platform/i8042/serio0/input/input2
[    0.495983] rtc_cmos rtc_cmos: rtc core: registered rtc_cmos as rtc0
[    0.497240] rtc_cmos rtc_cmos: alarms up to one day, 114 bytes nvram
[    0.498412] i2c /dev entries driver
[    0.499122] device-mapper: uevent: version 1.0.3
[    0.500127] device-mapper: ioctl: 4.37.0-ioctl (2017-09-20) initialised: dm-devel@redhat.com
[    0.501788] ledtrig-cpu: registered to indicate activity on CPUs
[    0.503703] NET: Registered protocol family 10
[    0.507825] Segment Routing with IPv6
[    0.508787] NET: Registered protocol family 17
[    0.509920] Key type dns_resolver registered
[    0.510934] mce: Using 0 MCE banks
[    0.511607] RAS: Correctable Errors collector initialized.
[    0.512797] sched_clock: Marking stable (512784274, 0)->(762170121, -249385847)
[    0.514906] registered taskstats version 1
[    0.515720] Loading compiled-in X.509 certificates
[    0.518389] Loaded X.509 cert 'Build time autogenerated kernel key: 9d88e3c0462fa0d2df2917e8bbfdfdd1c55d8ddc'
[    0.520322] zswap: loaded using pool lzo/zbud
[    0.523663] Key type big_key registered
[    0.524567] Key type trusted registered
[    0.526793] Key type encrypted registered
[    0.527564] AppArmor: AppArmor sha1 policy hashing enabled
[    0.528625] ima: No TPM chip found, activating TPM-bypass! (rc=-19)
[    0.529819] ima: Allocated hash algorithm: sha1
[    0.530677] evm: HMAC attrs: 0x1
[    0.531591]   Magic number: 3:368:439
[    0.532451] rtc_cmos rtc_cmos: setting system clock to 2019-09-17 16:24:28 UTC (1568737468)
[    0.534246] BIOS EDD facility v0.16 2004-Jun-25, 0 devices found
[    0.535346] EDD information not available.
[    0.638804] Freeing unused kernel image memory: 2436K
[    0.649156] Write protecting the kernel read-only data: 20480k
[    0.651799] Freeing unused kernel image memory: 2008K
[    0.653849] Freeing unused kernel image memory: 1972K
[    0.660793] x86/mm: Checked W+X mappings: passed, no W+X pages found.
[    0.662794] x86/mm: Checking user space page tables
[    0.669150] x86/mm: Checked W+X mappings: passed, no W+X pages found.
Loading, please wait...
starting version 237
[    0.723079] e1000: Intel(R) PRO/1000 Network Driver - version 7.3.21-k8-NAPI
[    0.725303] e1000: Copyright (c) 1999-2006 Intel Corporation.
[    0.728480] Fusion MPT base driver 3.04.20
[    0.730074] Copyright (c) 1999-2008 LSI Corporation
[    0.733944] Fusion MPT SPI Host driver 3.04.20
[    0.740566] mptbase: ioc0: Initiating bringup
[    0.755650] AVX2 version of gcm_enc/dec engaged.
[    0.756942] AES CTR mode by8 optimization enabled
[    0.840536] ioc0: LSI53C1030 A0: Capabilities={Initiator}
[    0.963572] input: ImExPS/2 Generic Explorer Mouse as /devices/platform/i8042/serio1/input/input4
[    1.088447] scsi host2: ioc0: LSI53C1030 A0, FwRev=00000000h, Ports=1, MaxQ=256, IRQ=20
[    1.256710] scsi 2:0:0:0: Direct-Access     VBOX     HARDDISK         1.0  PQ: 0 ANSI: 5
[    1.313033] scsi target2:0:0: Beginning Domain Validation
[    1.318950] scsi target2:0:0: Domain Validation skipping write tests
[    1.321266] scsi target2:0:0: Ending Domain Validation
[    1.323011] scsi target2:0:0: asynchronous
[    1.324953] scsi 2:0:1:0: Direct-Access     VBOX     HARDDISK         1.0  PQ: 0 ANSI: 5
[    1.635775] scsi target2:0:1: Beginning Domain Validation
[    1.639377] random: fast init done
[    1.640313] scsi target2:0:1: Domain Validation skipping write tests
[    1.641623] scsi target2:0:1: Ending Domain Validation
[    1.642710] scsi target2:0:1: asynchronous
[    1.646908] random: systemd-udevd: uninitialized urandom read (16 bytes read)
[    1.648388] random: systemd-udevd: uninitialized urandom read (16 bytes read)
[    1.649823] random: systemd-udevd: uninitialized urandom read (16 bytes read)
[    1.651622] sd 2:0:0:0: Attached scsi generic sg0 type 0
[    1.651626] sd 2:0:0:0: [sda] 20971520 512-byte logical blocks: (10.7 GB/10.0 GiB)
[    1.654492] sd 2:0:0:0: [sda] Write Protect is off
[    1.655596] sd 2:0:1:0: Attached scsi generic sg1 type 0
[    1.656846] sd 2:0:0:0: [sda] Incomplete mode parameter data
[    1.658380] sd 2:0:0:0: [sda] Assuming drive cache: write through
[    1.659983] sd 2:0:1:0: [sdb] 20480 512-byte logical blocks: (10.5 MB/10.0 MiB)
[    1.666304] sd 2:0:1:0: [sdb] Write Protect is off
[    1.669702] sd 2:0:1:0: [sdb] Incomplete mode parameter data
[    1.671194] sd 2:0:1:0: [sdb] Assuming drive cache: write through
[    1.673464]  sda: sda1
[    1.674433] sd 2:0:0:0: [sda] Attached SCSI disk
[    1.677171] sd 2:0:1:0: [sdb] Attached SCSI disk
[    1.677659] e1000 0000:00:03.0 eth0: (PCI:33MHz:32-bit) 5c:a1:ab:1e:00:12
[    1.679274] e1000 0000:00:03.0 eth0: Intel(R) PRO/1000 Network Connection
[    2.071462] e1000 0000:00:08.0 eth1: (PCI:33MHz:32-bit) 08:00:27:01:f4:8e
[    2.073485] e1000 0000:00:08.0 eth1: Intel(R) PRO/1000 Network Connection
[    2.076525] e1000 0000:00:03.0 enp0s3: renamed from eth0
[    2.093591] e1000 0000:00:08.0 enp0s8: renamed from eth1
Begin: Loading essential drivers ... [    3.444144] raid6: sse2x1   gen() 13436 MB/s
[    3.492225] raid6: sse2x1   xor()  9996 MB/s
[    3.540553] raid6: sse2x2   gen() 16824 MB/s
[    3.588257] raid6: sse2x2   xor() 11246 MB/s
[    3.636255] raid6: sse2x4   gen() 19536 MB/s
[    3.684018] raid6: sse2x4   xor() 12336 MB/s
[    3.732244] raid6: avx2x1   gen() 27205 MB/s
[    3.780187] raid6: avx2x1   xor() 17738 MB/s
[    3.828051] raid6: avx2x2   gen() 33237 MB/s
[    3.876017] raid6: avx2x2   xor() 20174 MB/s
[    3.924220] raid6: avx2x4   gen() 36990 MB/s
[    3.972210] raid6: avx2x4   xor() 23088 MB/s
[    3.973324] raid6: using algorithm avx2x4 gen() 36990 MB/s
[    3.974666] raid6: .... xor() 23088 MB/s, rmw enabled
[    3.975820] raid6: using avx2x2 recovery algorithm
[    3.977887] xor: automatically using best checksumming function   avx       
[    3.980797] async_tx: api initialized (async)
done.
Begin: Running /scripts/init-premount ... done.
Begin: Mounting root file system ... Begin: Running /scripts/local-top ... done.
Begin: Running /scripts/local-premount ... [    4.017624] Btrfs loaded, crc32c=crc32c-intel
Scanning for Btrfs filesystems
done.
Warning: fsck not present, so skipping root file system
[    4.041173] EXT4-fs (sda1): mounted filesystem with ordered data mode. Opts: (null)
done.
Begin: Running /scripts/local-bottom ... done.
Begin: Running /scripts/init-bottom ... done.
[    4.180133] ip_tables: (C) 2000-2006 Netfilter Core Team
[    4.188382] systemd[1]: systemd 237 running in system mode. (+PAM +AUDIT +SELINUX +IMA +APPARMOR +SMACK +SYSVINIT +UTMP +LIBCRYPTSETUP +GCRYPT +GNUTLS +ACL +XZ +LZ4 +SECCOMP +BLKID +ELFUTILS +KMOD -IDN2 +IDN -PCRE2 default-hierarchy=hybrid)
[    4.192481] systemd[1]: Detected virtualization oracle.
[    4.193520] systemd[1]: Detected architecture x86-64.

Welcome to [1mUbuntu 18.04.3 LTS[0m!

[    4.198993] systemd[1]: Set hostname to <zabbix-agent-linux>.
[    4.403820] systemd[1]: Started Forward Password Requests to Wall Directory Watch.
[[0;32m  OK  [0m] Started Forward Password Requests to Wall Directory Watch.
[    4.407600] systemd[1]: Created slice User and Session Slice.
[[0;32m  OK  [0m] Created slice User and Session Slice.
[    4.409485] systemd[1]: Reached target System Time Synchronized.
[[0;32m  OK  [0m] Reached target System Time Synchronized.
[    4.411974] systemd[1]: Created slice System Slice.
[[0;32m  OK  [0m] Created slice System Slice.
[    4.413603] systemd[1]: Listening on Journal Socket.
[[0;32m  OK  [0m] Listening on Journal Socket.
[    4.426310] systemd[1]: Starting Set the console keyboard layout...
         Starting Set the console keyboard layout...
[[0;32m  OK  [0m] Listening on Journal Socket (/dev/log).
[[0;32m  OK  [0m] Listening on udev Control Socket.
[[0;32m  OK  [0m] Listening on /dev/initctl Compatibility Named Pipe.
         Mounting POSIX Message Queue File System...
         Starting Remount Root and Kernel File Systems...
         Mounting Kernel Debug File System...
[[0;32m  OK  [0m] Listening on udev Kernel Socket.
         Starting udev Coldplug all Devices...
[[0;32m  OK  [0m] Listening on Journal Audit Socket.
[    4.490417] EXT4-fs (sda1): re-mounted. Opts: (null)
[[0;32m  OK  [0m] Listening on LVM2 metadata daemon socket.
         Mounting Huge Pages File System...
[[0;32m  OK  [0m] Reached target Slices.
         Starting Load Kernel Modules...
         Starting Uncomplicated firewall...
[[0;32m  OK  [0m] Listening on Network Service Netlink Socket.
[    4.513970] Loading iSCSI transport class v2.0-870.
[    4.520107] iscsi: registered transport (tcp)
         Starting Create list of required st…ce nodes for the current kernel...
[[0;32m  OK  [0m] Listening on Device-mapper event daemon FIFOs.
[    4.535129] iscsi: registered transport (iser)
[[0;32m  OK  [0m] Listening on LVM2 poll daemon socket.
[[0;32m  OK  [0m] Created slice system-serial\x2dgetty.slice.
[[0;32m  OK  [0m] Listening on Syslog Socket.
         Starting Journal Service...
[[0;32m  OK  [0m] Set up automount Arbitrary Executab…rmats File System Automount Point.
[[0;32m  OK  [0m] Reached target User and Group Name Lookups.
[[0;32m  OK  [0m] Reached target Swap.
         Starting Monitoring of LVM2 mirrors…ng dmeventd or progress polling...
[[0;32m  OK  [0m] Started Journal Service.
[[0;32m  OK  [0m] Mounted POSIX Message Queue File System.
[[0;32m  OK  [0m] Started Remount Root and Kernel File Systems.
[[0;32m  OK  [0m] Mounted Kernel Debug File System.
[[0;32m  OK  [0m] Mounted Huge Pages File System.
[[0;32m  OK  [0m] Started Load Kernel Modules.
[[0;32m  OK  [0m] Started Uncomplicated firewall.
[[0;32m  OK  [0m] Started Create list of required sta…vice nodes for the current kernel.
[[0;32m  OK  [0m] Started udev Coldplug all Devices.
[[0;32m  OK  [0m] Started LVM2 metadata daemon.
         Starting Create Static Device Nodes in /dev...
         Mounting Kernel Configuration File System...
         Starting Apply Kernel Variables...
         Mounting FUSE Control File System...
         Starting Load/Save Random Seed...
         Starting Flush Journal to Persistent Storage...
[[0;32m  OK  [0m] Started Monitoring of LVM2 mirrors,…sing dmeventd or progress polling.
[[0;32m  OK  [0m] Mounted Kernel Configuration File System.
[[0;32m  OK  [0m] Mounted FUSE Control File System.
[[0;32m  OK  [0m] Started Create Static Device Nodes in /dev.
         Starting udev Kernel Device Manager...
[[0;32m  OK  [0m] Started Load/Save Random Seed.
[[0;32m  OK  [0m] Started Apply Kernel Variables.
[[0;32m  OK  [0m] Started udev Kernel Device Manager.
[[0;32m  OK  [0m] Started Flush Journal to Persistent Storage.
[[0;32m  OK  [0m] Found device /dev/ttyS0.
[[0;32m  OK  [0m] Listening on Load/Save RF Kill Switch Status /dev/rfkill Watch.
[[0;32m  OK  [0m] Started Set the console keyboard layout.
[[0;32m  OK  [0m] Started Dispatch Password Requests to Console Directory Watch.
[[0;32m  OK  [0m] Reached target Local Encrypted Volumes.
[[0;32m  OK  [0m] Reached target Local File Systems (Pre).
[[0;32m  OK  [0m] Reached target Local File Systems.
         Starting Tell Plymouth To Write Out Runtime Data...
         Starting ebtables ruleset management...
         Starting Set console font and keymap...
         Starting Create Volatile Files and Directories...
         Starting AppArmor initialization...
[[0;32m  OK  [0m] Started Tell Plymouth To Write Out Runtime Data.
[[0;32m  OK  [0m] Started Set console font and keymap.
[[0;32m  OK  [0m] Started Create Volatile Files and Directories.
         Starting Update UTMP about System Boot/Shutdown...
[[0;32m  OK  [0m] Started Update UTMP about System Boot/Shutdown.
[[0;32m  OK  [0m] Started ebtables ruleset management.
[[0;32m  OK  [0m] Started AppArmor initialization.
         Starting Initial cloud-init job (pre-networking)...
[    6.317321] cloud-init[668]: Cloud-init v. 19.1-1-gbaa47854-0ubuntu1~18.04.1 running 'init-local' at Tue, 17 Sep 2019 16:24:34 +0000. Up 6.13 seconds.
[[0;32m  OK  [0m] Started Initial cloud-init job (pre-networking).
[[0;32m  OK  [0m] Reached target Network (Pre).
         Starting Network Service...
[[0;32m  OK  [0m] Started Network Service.
         Starting Network Name Resolution...
         Starting Wait for Network to be Configured...
[[0;32m  OK  [0m] Started Network Name Resolution.
[[0;32m  OK  [0m] Reached target Network.
[[0;32m  OK  [0m] Reached target Host and Network Name Lookups.
[[0;32m  OK  [0m] Started Wait for Network to be Configured.
         Starting Initial cloud-init job (metadata service crawler)...
[    8.607833] cloud-init[779]: Cloud-init v. 19.1-1-gbaa47854-0ubuntu1~18.04.1 running 'init' at Tue, 17 Sep 2019 16:24:36 +0000. Up 8.50 seconds.
[    8.609290] cloud-init[779]: ci-info: ++++++++++++++++++++++++++++++++++++++Net device info+++++++++++++++++++++++++++++++++++++++
[    8.620152] cloud-init[779]: ci-info: +--------+------+-----------------------------+---------------+--------+-------------------+
[    8.621212] cloud-init[779]: ci-info: | Device |  Up  |           Address           |      Mask     | Scope  |     Hw-Address    |
[    8.622607] cloud-init[779]: ci-info: +--------+------+-----------------------------+---------------+--------+-------------------+
[    8.623667] cloud-init[779]: ci-info: | enp0s3 | True |          10.0.2.15          | 255.255.255.0 | global | 5c:a1:ab:1e:00:12 |
[    8.624826] cloud-init[779]: ci-info: | enp0s3 | True |  fe80::5ea1:abff:fe1e:12/64 |       .       |  link  | 5c:a1:ab:1e:00:12 |
[    8.636273] cloud-init[779]: ci-info: | enp0s8 | True |          10.0.0.102         | 255.255.255.0 | global | 08:00:27:01:f4:8e |
[    8.648392] cloud-init[779]: ci-info: | enp0s8 | True | fe80::a00:27ff:fe01:f48e/64 |       .       |  link  | 08:00:27:01:f4:8e |
[    8.649637] cloud-init[779]: ci-info: |   lo   | True |          127.0.0.1          |   255.0.0.0   |  host  |         .         |
[    8.651072] cloud-init[779]: ci-info: |   lo   | True |           ::1/128           |       .       |  host  |         .         |
[    8.664268] cloud-init[779]: ci-info: +--------+------+-----------------------------+---------------+--------+-------------------+
[    8.665335] cloud-init[779]: ci-info: ++++++++++++++++++++++++++++Route IPv4 info+++++++++++++++++++++++++++++
[    8.666665] cloud-init[779]: ci-info: +-------+-------------+----------+-----------------+-----------+-------+
[    8.668477] cloud-init[779]: ci-info: | Route | Destination | Gateway  |     Genmask     | Interface | Flags |
[    8.670457] cloud-init[779]: ci-info: +-------+-------------+----------+-----------------+-----------+-------+
[    8.671950] cloud-init[779]: ci-info: |   0   |   0.0.0.0   | 10.0.2.2 |     0.0.0.0     |   enp0s3  |   UG  |
[    8.684300] cloud-init[779]: ci-info: |   1   |   10.0.0.0  | 0.0.0.0  |  255.255.255.0  |   enp0s8  |   U   |
[    8.686997] cloud-init[779]: ci-info: |   2   |   10.0.2.0  | 0.0.0.0  |  255.255.255.0  |   enp0s3  |   U   |
[    8.688615] cloud-init[779]: ci-info: |   3   |   10.0.2.2  | 0.0.0.0  | 255.255.255.255 |   enp0s3  |   UH  |
[    8.689433] cloud-init[779]: ci-info: +-------+-------------+----------+-----------------+-----------+-------+
[    8.690777] cloud-init[779]: ci-info: +++++++++++++++++++Route IPv6 info+++++++++++++++++++
[    8.700226] cloud-init[779]: ci-info: +-------+-------------+---------+-----------+-------+
[    8.701206] cloud-init[779]: ci-info: | Route | Destination | Gateway | Interface | Flags |
[    8.701998] cloud-init[779]: ci-info: +-------+-------------+---------+-----------+-------+
[    8.702848] cloud-init[779]: ci-info: |   1   |  fe80::/64  |    ::   |   enp0s8  |   U   |
[    8.712253] cloud-init[779]: ci-info: |   2   |  fe80::/64  |    ::   |   enp0s3  |   U   |
[    8.712992] cloud-init[779]: ci-info: |   4   |    local    |    ::   |   enp0s8  |   U   |
[    8.714039] cloud-init[779]: ci-info: |   5   |    local    |    ::   |   enp0s3  |   U   |
[    8.724223] cloud-init[779]: ci-info: |   6   |   ff00::/8  |    ::   |   enp0s8  |   U   |
[    8.725500] cloud-init[779]: ci-info: |   7   |   ff00::/8  |    ::   |   enp0s3  |   U   |
[    8.726823] cloud-init[779]: ci-info: +-------+-------------+---------+-----------+-------+
[[0;32m  OK  [0m] Started Initial cloud-init job (metadata service crawler).
[[0;32m  OK  [0m] Reached target Network is Online.
         Starting Availability of block devices...
[[0;32m  OK  [0m] Reached target Remote File Systems (Pre).
[[0;32m  OK  [0m] Reached target Remote File Systems.
[[0;32m  OK  [0m] Reached target Cloud-config availability.
[[0;32m  OK  [0m] Reached target System Initialization.
[[0;32m  OK  [0m] Started Discard unused blocks once a week.
[[0;32m  OK  [0m] Listening on Open-iSCSI iscsid Socket.
[[0;32m  OK  [0m] Started Daily apt download activities.
         Starting Socket activation for snappy daemon.
         Starting LXD - unix socket.
[[0;32m  OK  [0m] Started Message of the Day.
[[0;32m  OK  [0m] Started Daily Cleanup of Temporary Directories.
[[0;32m  OK  [0m] Started ACPI Events Check.
[[0;32m  OK  [0m] Reached target Paths.
[[0;32m  OK  [0m] Listening on ACPID Listen Socket.
[[0;32m  OK  [0m] Listening on UUID daemon activation socket.
[[0;32m  OK  [0m] Started Daily apt upgrade and clean activities.
[[0;32m  OK  [0m] Reached target Timers.
[[0;32m  OK  [0m] Listening on D-Bus System Message Bus Socket.
[[0;32m  OK  [0m] Started Availability of block devices.
[[0;32m  OK  [0m] Listening on Socket activation for snappy daemon.
[[0;32m  OK  [0m] Listening on LXD - unix socket.
[[0;32m  OK  [0m] Reached target Sockets.
[[0;32m  OK  [0m] Reached target Basic System.
[[0;32m  OK  [0m] Started irqbalance daemon.
         Starting Dispatcher daemon for systemd-networkd...
         Starting Accounts Service...
[[0;32m  OK  [0m] Started D-Bus System Message Bus.
[[0;32m  OK  [0m] Started Regular background program processing daemon.
         Starting Login Service...
[[0;32m  OK  [0m] Started FUSE filesystem for LXC.
         Starting LSB: Record successful boot for GRUB...
         Starting System Logging Service...
         Starting Virtualbox guest utils...
[[0;32m  OK  [0m] Started Deferred execution scheduler.
         Starting LSB: automatic crash report generation...
         Starting LXD - container startup/shutdown...
         Starting Snappy daemon...
         Starting Permit User Sessions...
         Starting OpenBSD Secure Shell server...
[[0;32m  OK  [0m] Started System Logging Service.
[[0;32m  OK  [0m] Started Permit User Sessions.
[[0;32m  OK  [0m] Started Dispatcher daemon for systemd-networkd.
[[0;32m  OK  [0m] Started Login Service.
[[0;32m  OK  [0m] Started Unattended Upgrades Shutdown.
         Starting Authorization Manager...
         Starting Hold until boot process finishes up...
         Starting Terminate Plymouth Boot Screen...
[[0;32m  OK  [0m] Started Hold until boot process finishes up.
[[0;32m  OK  [0m] Started OpenBSD Secure Shell server.
[[0;32m  OK  [0m] Started Terminate Plymouth Boot Screen.
         Starting Set console scheme...
[[0;32m  OK  [0m] Started Serial Getty on ttyS0.
[[0;32m  OK  [0m] Started Authorization Manager.
[[0;32m  OK  [0m] Started Accounts Service.
[[0;32m  OK  [0m] Started LSB: automatic crash report generation.
[[0;32m  OK  [0m] Started Set console scheme.
[[0;32m  OK  [0m] Created slice system-getty.slice.
[[0;32m  OK  [0m] Started Getty on tty1.
[[0;32m  OK  [0m] Reached target Login Prompts.
[[0;32m  OK  [0m] Started LXD - container startup/shutdown.
[[0;32m  OK  [0m] Started Virtualbox guest utils.
[[0;32m  OK  [0m] Started LSB: Record successful boot for GRUB.
         Starting Message of the Day...
[[0;32m  OK  [0m] Started Snappy daemon.
         Starting Wait until snapd is fully seeded...
[[0;32m  OK  [0m] Started Wait until snapd is fully seeded.
         Starting Apply the settings specified in cloud-config...
[[0;32m  OK  [0m] Reached target Multi-User System.
[[0;32m  OK  [0m] Reached target Graphical Interface.
         Starting Update UTMP about System Runlevel Changes...
[[0;32m  OK  [0m] Started Update UTMP about System Runlevel Changes.
[   10.288692] cloud-init[1262]: Cloud-init v. 19.1-1-gbaa47854-0ubuntu1~18.04.1 running 'modules:config' at Tue, 17 Sep 2019 19:07:55 +0000. Up 10.21 seconds.
[[0;32m  OK  [0m] Started Apply the settings specified in cloud-config.
         Starting Execute cloud user/final scripts...
[   10.699921] cloud-init[1317]: Cloud-init v. 19.1-1-gbaa47854-0ubuntu1~18.04.1 running 'modules:final' at Tue, 17 Sep 2019 19:07:56 +0000. Up 10.62 seconds.
[   10.712342] cloud-init[1317]: Cloud-init v. 19.1-1-gbaa47854-0ubuntu1~18.04.1 finished at Tue, 17 Sep 2019 19:07:56 +0000. Datasource DataSourceNoCloud [seed=/dev/sdb][dsmode=net].  Up 10.69 seconds
[[0;32m  OK  [0m] Started Execute cloud user/final scripts.
[[0;32m  OK  [0m] Reached target Cloud-init target.
[[0;32m  OK  [0m] Started Message of the Day.

Ubuntu 18.04.3 LTS zabbix-agent-linux ttyS0

zabbix-agent-linux login: 